[2024-10-28 14:56:25] local.ERROR: SQLSTATE[HY000]: General error: 1 table "categories" has more than one primary key (Connection: sqlite, SQL: create table "categories" ("id" integer primary key autoincrement not null, "name" varchar not null, "created_at" datetime, "updated_at" datetime, primary key ("id"))) {"exception":"[object] (Illuminate\\Database\\QueryException(code: HY000): SQLSTATE[HY000]: General error: 1 table \"categories\" has more than one primary key (Connection: sqlite, SQL: create table \"categories\" (\"id\" integer primary key autoincrement not null, \"name\" varchar not null, \"created_at\" datetime, \"updated_at\" datetime, primary key (\"id\"))) at /home/marconobre/Documentos/projetos/AISolutions/aisolutions-teste-php-laravel/vendor/laravel/framework/src/Illuminate/Database/Connection.php:760)
[stacktrace]
#0 /home/marconobre/Documentos/projetos/AISolutions/aisolutions-teste-php-laravel/vendor/laravel/framework/src/Illuminate/Database/Connection.php(720): Illuminate\\Database\\Connection->runQueryCallback()
#1 /home/marconobre/Documentos/projetos/AISolutions/aisolutions-teste-php-laravel/vendor/laravel/framework/src/Illuminate/Database/Connection.php(534): Illuminate\\Database\\Connection->run()
#2 /home/marconobre/Documentos/projetos/AISolutions/aisolutions-teste-php-laravel/vendor/laravel/framework/src/Illuminate/Database/Schema/Blueprint.php(109): Illuminate\\Database\\Connection->statement()
#3 /home/marconobre/Documentos/projetos/AISolutions/aisolutions-teste-php-laravel/vendor/laravel/framework/src/Illuminate/Database/Schema/Builder.php(439): Illuminate\\Database\\Schema\\Blueprint->build()
#4 /home/marconobre/Documentos/projetos/AISolutions/aisolutions-teste-php-laravel/vendor/laravel/framework/src/Illuminate/Database/Schema/Builder.php(281): Illuminate\\Database\\Schema\\Builder->build()
#5 /home/marconobre/Documentos/projetos/AISolutions/aisolutions-teste-php-laravel/vendor/laravel/framework/src/Illuminate/Support/Facades/Facade.php(353): Illuminate\\Database\\Schema\\Builder->create()
#6 /home/marconobre/Documentos/projetos/AISolutions/aisolutions-teste-php-laravel/database/migrations/2023_03_28_172350_create_categories_table.php(14): Illuminate\\Support\\Facades\\Facade::__callStatic()
#7 /home/marconobre/Documentos/projetos/AISolutions/aisolutions-teste-php-laravel/vendor/laravel/framework/src/Illuminate/Database/Migrations/Migrator.php(492): Illuminate\\Database\\Migrations\\Migration@anonymous->up()
#8 /home/marconobre/Documentos/projetos/AISolutions/aisolutions-teste-php-laravel/vendor/laravel/framework/src/Illuminate/Database/Migrations/Migrator.php(410): Illuminate\\Database\\Migrations\\Migrator->runMethod()
#9 /home/marconobre/Documentos/projetos/AISolutions/aisolutions-teste-php-laravel/vendor/laravel/framework/src/Illuminate/Database/Migrations/Migrator.php(419): Illuminate\\Database\\Migrations\\Migrator->Illuminate\\Database\\Migrations\\{closure}()
#10 /home/marconobre/Documentos/projetos/AISolutions/aisolutions-teste-php-laravel/vendor/laravel/framework/src/Illuminate/Database/Migrations/Migrator.php(216): Illuminate\\Database\\Migrations\\Migrator->runMigration()
#11 /home/marconobre/Documentos/projetos/AISolutions/aisolutions-teste-php-laravel/vendor/laravel/framework/src/Illuminate/Console/View/Components/Task.php(37): Illuminate\\Database\\Migrations\\Migrator->Illuminate\\Database\\Migrations\\{closure}()
#12 /home/marconobre/Documentos/projetos/AISolutions/aisolutions-teste-php-laravel/vendor/laravel/framework/src/Illuminate/Database/Migrations/Migrator.php(755): Illuminate\\Console\\View\\Components\\Task->render()
#13 /home/marconobre/Documentos/projetos/AISolutions/aisolutions-teste-php-laravel/vendor/laravel/framework/src/Illuminate/Database/Migrations/Migrator.php(216): Illuminate\\Database\\Migrations\\Migrator->write()
#14 /home/marconobre/Documentos/projetos/AISolutions/aisolutions-teste-php-laravel/vendor/laravel/framework/src/Illuminate/Database/Migrations/Migrator.php(181): Illuminate\\Database\\Migrations\\Migrator->runUp()
#15 /home/marconobre/Documentos/projetos/AISolutions/aisolutions-teste-php-laravel/vendor/laravel/framework/src/Illuminate/Database/Migrations/Migrator.php(124): Illuminate\\Database\\Migrations\\Migrator->runPending()
#16 /home/marconobre/Documentos/projetos/AISolutions/aisolutions-teste-php-laravel/vendor/laravel/framework/src/Illuminate/Database/Console/Migrations/MigrateCommand.php(88): Illuminate\\Database\\Migrations\\Migrator->run()
#17 /home/marconobre/Documentos/projetos/AISolutions/aisolutions-teste-php-laravel/vendor/laravel/framework/src/Illuminate/Database/Migrations/Migrator.php(632): Illuminate\\Database\\Console\\Migrations\\MigrateCommand->Illuminate\\Database\\Console\\Migrations\\{closure}()
#18 /home/marconobre/Documentos/projetos/AISolutions/aisolutions-teste-php-laravel/vendor/laravel/framework/src/Illuminate/Database/Console/Migrations/MigrateCommand.php(81): Illuminate\\Database\\Migrations\\Migrator->usingConnection()
#19 /home/marconobre/Documentos/projetos/AISolutions/aisolutions-teste-php-laravel/vendor/laravel/framework/src/Illuminate/Container/BoundMethod.php(36): Illuminate\\Database\\Console\\Migrations\\MigrateCommand->handle()
#20 /home/marconobre/Documentos/projetos/AISolutions/aisolutions-teste-php-laravel/vendor/laravel/framework/src/Illuminate/Container/Util.php(41): Illuminate\\Container\\BoundMethod::Illuminate\\Container\\{closure}()
#21 /home/marconobre/Documentos/projetos/AISolutions/aisolutions-teste-php-laravel/vendor/laravel/framework/src/Illuminate/Container/BoundMethod.php(93): Illuminate\\Container\\Util::unwrapIfClosure()
#22 /home/marconobre/Documentos/projetos/AISolutions/aisolutions-teste-php-laravel/vendor/laravel/framework/src/Illuminate/Container/BoundMethod.php(35): Illuminate\\Container\\BoundMethod::callBoundMethod()
#23 /home/marconobre/Documentos/projetos/AISolutions/aisolutions-teste-php-laravel/vendor/laravel/framework/src/Illuminate/Container/Container.php(661): Illuminate\\Container\\BoundMethod::call()
#24 /home/marconobre/Documentos/projetos/AISolutions/aisolutions-teste-php-laravel/vendor/laravel/framework/src/Illuminate/Console/Command.php(194): Illuminate\\Container\\Container->call()
#25 /home/marconobre/Documentos/projetos/AISolutions/aisolutions-teste-php-laravel/vendor/symfony/console/Command/Command.php(312): Illuminate\\Console\\Command->execute()
#26 /home/marconobre/Documentos/projetos/AISolutions/aisolutions-teste-php-laravel/vendor/laravel/framework/src/Illuminate/Console/Command.php(163): Symfony\\Component\\Console\\Command\\Command->run()
#27 /home/marconobre/Documentos/projetos/AISolutions/aisolutions-teste-php-laravel/vendor/symfony/console/Application.php(1040): Illuminate\\Console\\Command->run()
#28 /home/marconobre/Documentos/projetos/AISolutions/aisolutions-teste-php-laravel/vendor/symfony/console/Application.php(314): Symfony\\Component\\Console\\Application->doRunCommand()
#29 /home/marconobre/Documentos/projetos/AISolutions/aisolutions-teste-php-laravel/vendor/symfony/console/Application.php(168): Symfony\\Component\\Console\\Application->doRun()
#30 /home/marconobre/Documentos/projetos/AISolutions/aisolutions-teste-php-laravel/vendor/laravel/framework/src/Illuminate/Foundation/Console/Kernel.php(200): Symfony\\Component\\Console\\Application->run()
#31 /home/marconobre/Documentos/projetos/AISolutions/aisolutions-teste-php-laravel/artisan(35): Illuminate\\Foundation\\Console\\Kernel->handle()
#32 {main}

[previous exception] [object] (PDOException(code: HY000): SQLSTATE[HY000]: General error: 1 table \"categories\" has more than one primary key at /home/marconobre/Documentos/projetos/AISolutions/aisolutions-teste-php-laravel/vendor/laravel/framework/src/Illuminate/Database/Connection.php:539)
[stacktrace]
#0 /home/marconobre/Documentos/projetos/AISolutions/aisolutions-teste-php-laravel/vendor/laravel/framework/src/Illuminate/Database/Connection.php(539): PDO->prepare()
#1 /home/marconobre/Documentos/projetos/AISolutions/aisolutions-teste-php-laravel/vendor/laravel/framework/src/Illuminate/Database/Connection.php(753): Illuminate\\Database\\Connection->Illuminate\\Database\\{closure}()
#2 /home/marconobre/Documentos/projetos/AISolutions/aisolutions-teste-php-laravel/vendor/laravel/framework/src/Illuminate/Database/Connection.php(720): Illuminate\\Database\\Connection->runQueryCallback()
#3 /home/marconobre/Documentos/projetos/AISolutions/aisolutions-teste-php-laravel/vendor/laravel/framework/src/Illuminate/Database/Connection.php(534): Illuminate\\Database\\Connection->run()
#4 /home/marconobre/Documentos/projetos/AISolutions/aisolutions-teste-php-laravel/vendor/laravel/framework/src/Illuminate/Database/Schema/Blueprint.php(109): Illuminate\\Database\\Connection->statement()
#5 /home/marconobre/Documentos/projetos/AISolutions/aisolutions-teste-php-laravel/vendor/laravel/framework/src/Illuminate/Database/Schema/Builder.php(439): Illuminate\\Database\\Schema\\Blueprint->build()
#6 /home/marconobre/Documentos/projetos/AISolutions/aisolutions-teste-php-laravel/vendor/laravel/framework/src/Illuminate/Database/Schema/Builder.php(281): Illuminate\\Database\\Schema\\Builder->build()
#7 /home/marconobre/Documentos/projetos/AISolutions/aisolutions-teste-php-laravel/vendor/laravel/framework/src/Illuminate/Support/Facades/Facade.php(353): Illuminate\\Database\\Schema\\Builder->create()
#8 /home/marconobre/Documentos/projetos/AISolutions/aisolutions-teste-php-laravel/database/migrations/2023_03_28_172350_create_categories_table.php(14): Illuminate\\Support\\Facades\\Facade::__callStatic()
#9 /home/marconobre/Documentos/projetos/AISolutions/aisolutions-teste-php-laravel/vendor/laravel/framework/src/Illuminate/Database/Migrations/Migrator.php(492): Illuminate\\Database\\Migrations\\Migration@anonymous->up()
#10 /home/marconobre/Documentos/projetos/AISolutions/aisolutions-teste-php-laravel/vendor/laravel/framework/src/Illuminate/Database/Migrations/Migrator.php(410): Illuminate\\Database\\Migrations\\Migrator->runMethod()
#11 /home/marconobre/Documentos/projetos/AISolutions/aisolutions-teste-php-laravel/vendor/laravel/framework/src/Illuminate/Database/Migrations/Migrator.php(419): Illuminate\\Database\\Migrations\\Migrator->Illuminate\\Database\\Migrations\\{closure}()
#12 /home/marconobre/Documentos/projetos/AISolutions/aisolutions-teste-php-laravel/vendor/laravel/framework/src/Illuminate/Database/Migrations/Migrator.php(216): Illuminate\\Database\\Migrations\\Migrator->runMigration()
#13 /home/marconobre/Documentos/projetos/AISolutions/aisolutions-teste-php-laravel/vendor/laravel/framework/src/Illuminate/Console/View/Components/Task.php(37): Illuminate\\Database\\Migrations\\Migrator->Illuminate\\Database\\Migrations\\{closure}()
#14 /home/marconobre/Documentos/projetos/AISolutions/aisolutions-teste-php-laravel/vendor/laravel/framework/src/Illuminate/Database/Migrations/Migrator.php(755): Illuminate\\Console\\View\\Components\\Task->render()
#15 /home/marconobre/Documentos/projetos/AISolutions/aisolutions-teste-php-laravel/vendor/laravel/framework/src/Illuminate/Database/Migrations/Migrator.php(216): Illuminate\\Database\\Migrations\\Migrator->write()
#16 /home/marconobre/Documentos/projetos/AISolutions/aisolutions-teste-php-laravel/vendor/laravel/framework/src/Illuminate/Database/Migrations/Migrator.php(181): Illuminate\\Database\\Migrations\\Migrator->runUp()
#17 /home/marconobre/Documentos/projetos/AISolutions/aisolutions-teste-php-laravel/vendor/laravel/framework/src/Illuminate/Database/Migrations/Migrator.php(124): Illuminate\\Database\\Migrations\\Migrator->runPending()
#18 /home/marconobre/Documentos/projetos/AISolutions/aisolutions-teste-php-laravel/vendor/laravel/framework/src/Illuminate/Database/Console/Migrations/MigrateCommand.php(88): Illuminate\\Database\\Migrations\\Migrator->run()
#19 /home/marconobre/Documentos/projetos/AISolutions/aisolutions-teste-php-laravel/vendor/laravel/framework/src/Illuminate/Database/Migrations/Migrator.php(632): Illuminate\\Database\\Console\\Migrations\\MigrateCommand->Illuminate\\Database\\Console\\Migrations\\{closure}()
#20 /home/marconobre/Documentos/projetos/AISolutions/aisolutions-teste-php-laravel/vendor/laravel/framework/src/Illuminate/Database/Console/Migrations/MigrateCommand.php(81): Illuminate\\Database\\Migrations\\Migrator->usingConnection()
#21 /home/marconobre/Documentos/projetos/AISolutions/aisolutions-teste-php-laravel/vendor/laravel/framework/src/Illuminate/Container/BoundMethod.php(36): Illuminate\\Database\\Console\\Migrations\\MigrateCommand->handle()
#22 /home/marconobre/Documentos/projetos/AISolutions/aisolutions-teste-php-laravel/vendor/laravel/framework/src/Illuminate/Container/Util.php(41): Illuminate\\Container\\BoundMethod::Illuminate\\Container\\{closure}()
#23 /home/marconobre/Documentos/projetos/AISolutions/aisolutions-teste-php-laravel/vendor/laravel/framework/src/Illuminate/Container/BoundMethod.php(93): Illuminate\\Container\\Util::unwrapIfClosure()
#24 /home/marconobre/Documentos/projetos/AISolutions/aisolutions-teste-php-laravel/vendor/laravel/framework/src/Illuminate/Container/BoundMethod.php(35): Illuminate\\Container\\BoundMethod::callBoundMethod()
#25 /home/marconobre/Documentos/projetos/AISolutions/aisolutions-teste-php-laravel/vendor/laravel/framework/src/Illuminate/Container/Container.php(661): Illuminate\\Container\\BoundMethod::call()
#26 /home/marconobre/Documentos/projetos/AISolutions/aisolutions-teste-php-laravel/vendor/laravel/framework/src/Illuminate/Console/Command.php(194): Illuminate\\Container\\Container->call()
#27 /home/marconobre/Documentos/projetos/AISolutions/aisolutions-teste-php-laravel/vendor/symfony/console/Command/Command.php(312): Illuminate\\Console\\Command->execute()
#28 /home/marconobre/Documentos/projetos/AISolutions/aisolutions-teste-php-laravel/vendor/laravel/framework/src/Illuminate/Console/Command.php(163): Symfony\\Component\\Console\\Command\\Command->run()
#29 /home/marconobre/Documentos/projetos/AISolutions/aisolutions-teste-php-laravel/vendor/symfony/console/Application.php(1040): Illuminate\\Console\\Command->run()
#30 /home/marconobre/Documentos/projetos/AISolutions/aisolutions-teste-php-laravel/vendor/symfony/console/Application.php(314): Symfony\\Component\\Console\\Application->doRunCommand()
#31 /home/marconobre/Documentos/projetos/AISolutions/aisolutions-teste-php-laravel/vendor/symfony/console/Application.php(168): Symfony\\Component\\Console\\Application->doRun()
#32 /home/marconobre/Documentos/projetos/AISolutions/aisolutions-teste-php-laravel/vendor/laravel/framework/src/Illuminate/Foundation/Console/Kernel.php(200): Symfony\\Component\\Console\\Application->run()
#33 /home/marconobre/Documentos/projetos/AISolutions/aisolutions-teste-php-laravel/artisan(35): Illuminate\\Foundation\\Console\\Kernel->handle()
#34 {main}
"} 
[2024-10-28 18:29:12] local.ERROR: SQLSTATE[HY000]: General error: 1 duplicate column name: created_at (Connection: sqlite, SQL: create table "categories" ("id" integer primary key autoincrement not null, "name" varchar not null, "created_at" datetime, "updated_at" datetime, "created_at" datetime not null default CURRENT_TIMESTAMP)) {"exception":"[object] (Illuminate\\Database\\QueryException(code: HY000): SQLSTATE[HY000]: General error: 1 duplicate column name: created_at (Connection: sqlite, SQL: create table \"categories\" (\"id\" integer primary key autoincrement not null, \"name\" varchar not null, \"created_at\" datetime, \"updated_at\" datetime, \"created_at\" datetime not null default CURRENT_TIMESTAMP)) at /home/marconobre/Documentos/projetos/AISolutions/aisolutions-teste-php-laravel/vendor/laravel/framework/src/Illuminate/Database/Connection.php:760)
[stacktrace]
#0 /home/marconobre/Documentos/projetos/AISolutions/aisolutions-teste-php-laravel/vendor/laravel/framework/src/Illuminate/Database/Connection.php(720): Illuminate\\Database\\Connection->runQueryCallback()
#1 /home/marconobre/Documentos/projetos/AISolutions/aisolutions-teste-php-laravel/vendor/laravel/framework/src/Illuminate/Database/Connection.php(534): Illuminate\\Database\\Connection->run()
#2 /home/marconobre/Documentos/projetos/AISolutions/aisolutions-teste-php-laravel/vendor/laravel/framework/src/Illuminate/Database/Schema/Blueprint.php(109): Illuminate\\Database\\Connection->statement()
#3 /home/marconobre/Documentos/projetos/AISolutions/aisolutions-teste-php-laravel/vendor/laravel/framework/src/Illuminate/Database/Schema/Builder.php(439): Illuminate\\Database\\Schema\\Blueprint->build()
#4 /home/marconobre/Documentos/projetos/AISolutions/aisolutions-teste-php-laravel/vendor/laravel/framework/src/Illuminate/Database/Schema/Builder.php(281): Illuminate\\Database\\Schema\\Builder->build()
#5 /home/marconobre/Documentos/projetos/AISolutions/aisolutions-teste-php-laravel/vendor/laravel/framework/src/Illuminate/Support/Facades/Facade.php(353): Illuminate\\Database\\Schema\\Builder->create()
#6 /home/marconobre/Documentos/projetos/AISolutions/aisolutions-teste-php-laravel/database/migrations/2023_03_28_172350_create_categories_table.php(14): Illuminate\\Support\\Facades\\Facade::__callStatic()
#7 /home/marconobre/Documentos/projetos/AISolutions/aisolutions-teste-php-laravel/vendor/laravel/framework/src/Illuminate/Database/Migrations/Migrator.php(492): Illuminate\\Database\\Migrations\\Migration@anonymous->up()
#8 /home/marconobre/Documentos/projetos/AISolutions/aisolutions-teste-php-laravel/vendor/laravel/framework/src/Illuminate/Database/Migrations/Migrator.php(410): Illuminate\\Database\\Migrations\\Migrator->runMethod()
#9 /home/marconobre/Documentos/projetos/AISolutions/aisolutions-teste-php-laravel/vendor/laravel/framework/src/Illuminate/Database/Migrations/Migrator.php(419): Illuminate\\Database\\Migrations\\Migrator->Illuminate\\Database\\Migrations\\{closure}()
#10 /home/marconobre/Documentos/projetos/AISolutions/aisolutions-teste-php-laravel/vendor/laravel/framework/src/Illuminate/Database/Migrations/Migrator.php(216): Illuminate\\Database\\Migrations\\Migrator->runMigration()
#11 /home/marconobre/Documentos/projetos/AISolutions/aisolutions-teste-php-laravel/vendor/laravel/framework/src/Illuminate/Console/View/Components/Task.php(37): Illuminate\\Database\\Migrations\\Migrator->Illuminate\\Database\\Migrations\\{closure}()
#12 /home/marconobre/Documentos/projetos/AISolutions/aisolutions-teste-php-laravel/vendor/laravel/framework/src/Illuminate/Database/Migrations/Migrator.php(755): Illuminate\\Console\\View\\Components\\Task->render()
#13 /home/marconobre/Documentos/projetos/AISolutions/aisolutions-teste-php-laravel/vendor/laravel/framework/src/Illuminate/Database/Migrations/Migrator.php(216): Illuminate\\Database\\Migrations\\Migrator->write()
#14 /home/marconobre/Documentos/projetos/AISolutions/aisolutions-teste-php-laravel/vendor/laravel/framework/src/Illuminate/Database/Migrations/Migrator.php(181): Illuminate\\Database\\Migrations\\Migrator->runUp()
#15 /home/marconobre/Documentos/projetos/AISolutions/aisolutions-teste-php-laravel/vendor/laravel/framework/src/Illuminate/Database/Migrations/Migrator.php(124): Illuminate\\Database\\Migrations\\Migrator->runPending()
#16 /home/marconobre/Documentos/projetos/AISolutions/aisolutions-teste-php-laravel/vendor/laravel/framework/src/Illuminate/Database/Console/Migrations/MigrateCommand.php(88): Illuminate\\Database\\Migrations\\Migrator->run()
#17 /home/marconobre/Documentos/projetos/AISolutions/aisolutions-teste-php-laravel/vendor/laravel/framework/src/Illuminate/Database/Migrations/Migrator.php(632): Illuminate\\Database\\Console\\Migrations\\MigrateCommand->Illuminate\\Database\\Console\\Migrations\\{closure}()
#18 /home/marconobre/Documentos/projetos/AISolutions/aisolutions-teste-php-laravel/vendor/laravel/framework/src/Illuminate/Database/Console/Migrations/MigrateCommand.php(81): Illuminate\\Database\\Migrations\\Migrator->usingConnection()
#19 /home/marconobre/Documentos/projetos/AISolutions/aisolutions-teste-php-laravel/vendor/laravel/framework/src/Illuminate/Container/BoundMethod.php(36): Illuminate\\Database\\Console\\Migrations\\MigrateCommand->handle()
#20 /home/marconobre/Documentos/projetos/AISolutions/aisolutions-teste-php-laravel/vendor/laravel/framework/src/Illuminate/Container/Util.php(41): Illuminate\\Container\\BoundMethod::Illuminate\\Container\\{closure}()
#21 /home/marconobre/Documentos/projetos/AISolutions/aisolutions-teste-php-laravel/vendor/laravel/framework/src/Illuminate/Container/BoundMethod.php(93): Illuminate\\Container\\Util::unwrapIfClosure()
#22 /home/marconobre/Documentos/projetos/AISolutions/aisolutions-teste-php-laravel/vendor/laravel/framework/src/Illuminate/Container/BoundMethod.php(35): Illuminate\\Container\\BoundMethod::callBoundMethod()
#23 /home/marconobre/Documentos/projetos/AISolutions/aisolutions-teste-php-laravel/vendor/laravel/framework/src/Illuminate/Container/Container.php(661): Illuminate\\Container\\BoundMethod::call()
#24 /home/marconobre/Documentos/projetos/AISolutions/aisolutions-teste-php-laravel/vendor/laravel/framework/src/Illuminate/Console/Command.php(194): Illuminate\\Container\\Container->call()
#25 /home/marconobre/Documentos/projetos/AISolutions/aisolutions-teste-php-laravel/vendor/symfony/console/Command/Command.php(312): Illuminate\\Console\\Command->execute()
#26 /home/marconobre/Documentos/projetos/AISolutions/aisolutions-teste-php-laravel/vendor/laravel/framework/src/Illuminate/Console/Command.php(163): Symfony\\Component\\Console\\Command\\Command->run()
#27 /home/marconobre/Documentos/projetos/AISolutions/aisolutions-teste-php-laravel/vendor/laravel/framework/src/Illuminate/Console/Concerns/CallsCommands.php(67): Illuminate\\Console\\Command->run()
#28 /home/marconobre/Documentos/projetos/AISolutions/aisolutions-teste-php-laravel/vendor/laravel/framework/src/Illuminate/Console/Concerns/CallsCommands.php(28): Illuminate\\Console\\Command->runCommand()
#29 /home/marconobre/Documentos/projetos/AISolutions/aisolutions-teste-php-laravel/vendor/laravel/framework/src/Illuminate/Database/Console/Migrations/FreshCommand.php(53): Illuminate\\Console\\Command->call()
#30 /home/marconobre/Documentos/projetos/AISolutions/aisolutions-teste-php-laravel/vendor/laravel/framework/src/Illuminate/Container/BoundMethod.php(36): Illuminate\\Database\\Console\\Migrations\\FreshCommand->handle()
#31 /home/marconobre/Documentos/projetos/AISolutions/aisolutions-teste-php-laravel/vendor/laravel/framework/src/Illuminate/Container/Util.php(41): Illuminate\\Container\\BoundMethod::Illuminate\\Container\\{closure}()
#32 /home/marconobre/Documentos/projetos/AISolutions/aisolutions-teste-php-laravel/vendor/laravel/framework/src/Illuminate/Container/BoundMethod.php(93): Illuminate\\Container\\Util::unwrapIfClosure()
#33 /home/marconobre/Documentos/projetos/AISolutions/aisolutions-teste-php-laravel/vendor/laravel/framework/src/Illuminate/Container/BoundMethod.php(35): Illuminate\\Container\\BoundMethod::callBoundMethod()
#34 /home/marconobre/Documentos/projetos/AISolutions/aisolutions-teste-php-laravel/vendor/laravel/framework/src/Illuminate/Container/Container.php(661): Illuminate\\Container\\BoundMethod::call()
#35 /home/marconobre/Documentos/projetos/AISolutions/aisolutions-teste-php-laravel/vendor/laravel/framework/src/Illuminate/Console/Command.php(194): Illuminate\\Container\\Container->call()
#36 /home/marconobre/Documentos/projetos/AISolutions/aisolutions-teste-php-laravel/vendor/symfony/console/Command/Command.php(312): Illuminate\\Console\\Command->execute()
#37 /home/marconobre/Documentos/projetos/AISolutions/aisolutions-teste-php-laravel/vendor/laravel/framework/src/Illuminate/Console/Command.php(163): Symfony\\Component\\Console\\Command\\Command->run()
#38 /home/marconobre/Documentos/projetos/AISolutions/aisolutions-teste-php-laravel/vendor/symfony/console/Application.php(1040): Illuminate\\Console\\Command->run()
#39 /home/marconobre/Documentos/projetos/AISolutions/aisolutions-teste-php-laravel/vendor/symfony/console/Application.php(314): Symfony\\Component\\Console\\Application->doRunCommand()
#40 /home/marconobre/Documentos/projetos/AISolutions/aisolutions-teste-php-laravel/vendor/symfony/console/Application.php(168): Symfony\\Component\\Console\\Application->doRun()
#41 /home/marconobre/Documentos/projetos/AISolutions/aisolutions-teste-php-laravel/vendor/laravel/framework/src/Illuminate/Foundation/Console/Kernel.php(200): Symfony\\Component\\Console\\Application->run()
#42 /home/marconobre/Documentos/projetos/AISolutions/aisolutions-teste-php-laravel/artisan(35): Illuminate\\Foundation\\Console\\Kernel->handle()
#43 {main}

[previous exception] [object] (PDOException(code: HY000): SQLSTATE[HY000]: General error: 1 duplicate column name: created_at at /home/marconobre/Documentos/projetos/AISolutions/aisolutions-teste-php-laravel/vendor/laravel/framework/src/Illuminate/Database/Connection.php:539)
[stacktrace]
#0 /home/marconobre/Documentos/projetos/AISolutions/aisolutions-teste-php-laravel/vendor/laravel/framework/src/Illuminate/Database/Connection.php(539): PDO->prepare()
#1 /home/marconobre/Documentos/projetos/AISolutions/aisolutions-teste-php-laravel/vendor/laravel/framework/src/Illuminate/Database/Connection.php(753): Illuminate\\Database\\Connection->Illuminate\\Database\\{closure}()
#2 /home/marconobre/Documentos/projetos/AISolutions/aisolutions-teste-php-laravel/vendor/laravel/framework/src/Illuminate/Database/Connection.php(720): Illuminate\\Database\\Connection->runQueryCallback()
#3 /home/marconobre/Documentos/projetos/AISolutions/aisolutions-teste-php-laravel/vendor/laravel/framework/src/Illuminate/Database/Connection.php(534): Illuminate\\Database\\Connection->run()
#4 /home/marconobre/Documentos/projetos/AISolutions/aisolutions-teste-php-laravel/vendor/laravel/framework/src/Illuminate/Database/Schema/Blueprint.php(109): Illuminate\\Database\\Connection->statement()
#5 /home/marconobre/Documentos/projetos/AISolutions/aisolutions-teste-php-laravel/vendor/laravel/framework/src/Illuminate/Database/Schema/Builder.php(439): Illuminate\\Database\\Schema\\Blueprint->build()
#6 /home/marconobre/Documentos/projetos/AISolutions/aisolutions-teste-php-laravel/vendor/laravel/framework/src/Illuminate/Database/Schema/Builder.php(281): Illuminate\\Database\\Schema\\Builder->build()
#7 /home/marconobre/Documentos/projetos/AISolutions/aisolutions-teste-php-laravel/vendor/laravel/framework/src/Illuminate/Support/Facades/Facade.php(353): Illuminate\\Database\\Schema\\Builder->create()
#8 /home/marconobre/Documentos/projetos/AISolutions/aisolutions-teste-php-laravel/database/migrations/2023_03_28_172350_create_categories_table.php(14): Illuminate\\Support\\Facades\\Facade::__callStatic()
#9 /home/marconobre/Documentos/projetos/AISolutions/aisolutions-teste-php-laravel/vendor/laravel/framework/src/Illuminate/Database/Migrations/Migrator.php(492): Illuminate\\Database\\Migrations\\Migration@anonymous->up()
#10 /home/marconobre/Documentos/projetos/AISolutions/aisolutions-teste-php-laravel/vendor/laravel/framework/src/Illuminate/Database/Migrations/Migrator.php(410): Illuminate\\Database\\Migrations\\Migrator->runMethod()
#11 /home/marconobre/Documentos/projetos/AISolutions/aisolutions-teste-php-laravel/vendor/laravel/framework/src/Illuminate/Database/Migrations/Migrator.php(419): Illuminate\\Database\\Migrations\\Migrator->Illuminate\\Database\\Migrations\\{closure}()
#12 /home/marconobre/Documentos/projetos/AISolutions/aisolutions-teste-php-laravel/vendor/laravel/framework/src/Illuminate/Database/Migrations/Migrator.php(216): Illuminate\\Database\\Migrations\\Migrator->runMigration()
#13 /home/marconobre/Documentos/projetos/AISolutions/aisolutions-teste-php-laravel/vendor/laravel/framework/src/Illuminate/Console/View/Components/Task.php(37): Illuminate\\Database\\Migrations\\Migrator->Illuminate\\Database\\Migrations\\{closure}()
#14 /home/marconobre/Documentos/projetos/AISolutions/aisolutions-teste-php-laravel/vendor/laravel/framework/src/Illuminate/Database/Migrations/Migrator.php(755): Illuminate\\Console\\View\\Components\\Task->render()
#15 /home/marconobre/Documentos/projetos/AISolutions/aisolutions-teste-php-laravel/vendor/laravel/framework/src/Illuminate/Database/Migrations/Migrator.php(216): Illuminate\\Database\\Migrations\\Migrator->write()
#16 /home/marconobre/Documentos/projetos/AISolutions/aisolutions-teste-php-laravel/vendor/laravel/framework/src/Illuminate/Database/Migrations/Migrator.php(181): Illuminate\\Database\\Migrations\\Migrator->runUp()
#17 /home/marconobre/Documentos/projetos/AISolutions/aisolutions-teste-php-laravel/vendor/laravel/framework/src/Illuminate/Database/Migrations/Migrator.php(124): Illuminate\\Database\\Migrations\\Migrator->runPending()
#18 /home/marconobre/Documentos/projetos/AISolutions/aisolutions-teste-php-laravel/vendor/laravel/framework/src/Illuminate/Database/Console/Migrations/MigrateCommand.php(88): Illuminate\\Database\\Migrations\\Migrator->run()
#19 /home/marconobre/Documentos/projetos/AISolutions/aisolutions-teste-php-laravel/vendor/laravel/framework/src/Illuminate/Database/Migrations/Migrator.php(632): Illuminate\\Database\\Console\\Migrations\\MigrateCommand->Illuminate\\Database\\Console\\Migrations\\{closure}()
#20 /home/marconobre/Documentos/projetos/AISolutions/aisolutions-teste-php-laravel/vendor/laravel/framework/src/Illuminate/Database/Console/Migrations/MigrateCommand.php(81): Illuminate\\Database\\Migrations\\Migrator->usingConnection()
#21 /home/marconobre/Documentos/projetos/AISolutions/aisolutions-teste-php-laravel/vendor/laravel/framework/src/Illuminate/Container/BoundMethod.php(36): Illuminate\\Database\\Console\\Migrations\\MigrateCommand->handle()
#22 /home/marconobre/Documentos/projetos/AISolutions/aisolutions-teste-php-laravel/vendor/laravel/framework/src/Illuminate/Container/Util.php(41): Illuminate\\Container\\BoundMethod::Illuminate\\Container\\{closure}()
#23 /home/marconobre/Documentos/projetos/AISolutions/aisolutions-teste-php-laravel/vendor/laravel/framework/src/Illuminate/Container/BoundMethod.php(93): Illuminate\\Container\\Util::unwrapIfClosure()
#24 /home/marconobre/Documentos/projetos/AISolutions/aisolutions-teste-php-laravel/vendor/laravel/framework/src/Illuminate/Container/BoundMethod.php(35): Illuminate\\Container\\BoundMethod::callBoundMethod()
#25 /home/marconobre/Documentos/projetos/AISolutions/aisolutions-teste-php-laravel/vendor/laravel/framework/src/Illuminate/Container/Container.php(661): Illuminate\\Container\\BoundMethod::call()
#26 /home/marconobre/Documentos/projetos/AISolutions/aisolutions-teste-php-laravel/vendor/laravel/framework/src/Illuminate/Console/Command.php(194): Illuminate\\Container\\Container->call()
#27 /home/marconobre/Documentos/projetos/AISolutions/aisolutions-teste-php-laravel/vendor/symfony/console/Command/Command.php(312): Illuminate\\Console\\Command->execute()
#28 /home/marconobre/Documentos/projetos/AISolutions/aisolutions-teste-php-laravel/vendor/laravel/framework/src/Illuminate/Console/Command.php(163): Symfony\\Component\\Console\\Command\\Command->run()
#29 /home/marconobre/Documentos/projetos/AISolutions/aisolutions-teste-php-laravel/vendor/laravel/framework/src/Illuminate/Console/Concerns/CallsCommands.php(67): Illuminate\\Console\\Command->run()
#30 /home/marconobre/Documentos/projetos/AISolutions/aisolutions-teste-php-laravel/vendor/laravel/framework/src/Illuminate/Console/Concerns/CallsCommands.php(28): Illuminate\\Console\\Command->runCommand()
#31 /home/marconobre/Documentos/projetos/AISolutions/aisolutions-teste-php-laravel/vendor/laravel/framework/src/Illuminate/Database/Console/Migrations/FreshCommand.php(53): Illuminate\\Console\\Command->call()
#32 /home/marconobre/Documentos/projetos/AISolutions/aisolutions-teste-php-laravel/vendor/laravel/framework/src/Illuminate/Container/BoundMethod.php(36): Illuminate\\Database\\Console\\Migrations\\FreshCommand->handle()
#33 /home/marconobre/Documentos/projetos/AISolutions/aisolutions-teste-php-laravel/vendor/laravel/framework/src/Illuminate/Container/Util.php(41): Illuminate\\Container\\BoundMethod::Illuminate\\Container\\{closure}()
#34 /home/marconobre/Documentos/projetos/AISolutions/aisolutions-teste-php-laravel/vendor/laravel/framework/src/Illuminate/Container/BoundMethod.php(93): Illuminate\\Container\\Util::unwrapIfClosure()
#35 /home/marconobre/Documentos/projetos/AISolutions/aisolutions-teste-php-laravel/vendor/laravel/framework/src/Illuminate/Container/BoundMethod.php(35): Illuminate\\Container\\BoundMethod::callBoundMethod()
#36 /home/marconobre/Documentos/projetos/AISolutions/aisolutions-teste-php-laravel/vendor/laravel/framework/src/Illuminate/Container/Container.php(661): Illuminate\\Container\\BoundMethod::call()
#37 /home/marconobre/Documentos/projetos/AISolutions/aisolutions-teste-php-laravel/vendor/laravel/framework/src/Illuminate/Console/Command.php(194): Illuminate\\Container\\Container->call()
#38 /home/marconobre/Documentos/projetos/AISolutions/aisolutions-teste-php-laravel/vendor/symfony/console/Command/Command.php(312): Illuminate\\Console\\Command->execute()
#39 /home/marconobre/Documentos/projetos/AISolutions/aisolutions-teste-php-laravel/vendor/laravel/framework/src/Illuminate/Console/Command.php(163): Symfony\\Component\\Console\\Command\\Command->run()
#40 /home/marconobre/Documentos/projetos/AISolutions/aisolutions-teste-php-laravel/vendor/symfony/console/Application.php(1040): Illuminate\\Console\\Command->run()
#41 /home/marconobre/Documentos/projetos/AISolutions/aisolutions-teste-php-laravel/vendor/symfony/console/Application.php(314): Symfony\\Component\\Console\\Application->doRunCommand()
#42 /home/marconobre/Documentos/projetos/AISolutions/aisolutions-teste-php-laravel/vendor/symfony/console/Application.php(168): Symfony\\Component\\Console\\Application->doRun()
#43 /home/marconobre/Documentos/projetos/AISolutions/aisolutions-teste-php-laravel/vendor/laravel/framework/src/Illuminate/Foundation/Console/Kernel.php(200): Symfony\\Component\\Console\\Application->run()
#44 /home/marconobre/Documentos/projetos/AISolutions/aisolutions-teste-php-laravel/artisan(35): Illuminate\\Foundation\\Console\\Kernel->handle()
#45 {main}
"} 
[2024-10-28 18:30:38] local.ERROR: SQLSTATE[HY000]: General error: 1 duplicate column name: created_at (Connection: sqlite, SQL: create table "categories" ("id" integer primary key autoincrement not null, "name" varchar not null, "created_at" datetime, "updated_at" datetime, "created_at" datetime not null default CURRENT_TIMESTAMP)) {"exception":"[object] (Illuminate\\Database\\QueryException(code: HY000): SQLSTATE[HY000]: General error: 1 duplicate column name: created_at (Connection: sqlite, SQL: create table \"categories\" (\"id\" integer primary key autoincrement not null, \"name\" varchar not null, \"created_at\" datetime, \"updated_at\" datetime, \"created_at\" datetime not null default CURRENT_TIMESTAMP)) at /home/marconobre/Documentos/projetos/AISolutions/aisolutions-teste-php-laravel/vendor/laravel/framework/src/Illuminate/Database/Connection.php:760)
[stacktrace]
#0 /home/marconobre/Documentos/projetos/AISolutions/aisolutions-teste-php-laravel/vendor/laravel/framework/src/Illuminate/Database/Connection.php(720): Illuminate\\Database\\Connection->runQueryCallback()
#1 /home/marconobre/Documentos/projetos/AISolutions/aisolutions-teste-php-laravel/vendor/laravel/framework/src/Illuminate/Database/Connection.php(534): Illuminate\\Database\\Connection->run()
#2 /home/marconobre/Documentos/projetos/AISolutions/aisolutions-teste-php-laravel/vendor/laravel/framework/src/Illuminate/Database/Schema/Blueprint.php(109): Illuminate\\Database\\Connection->statement()
#3 /home/marconobre/Documentos/projetos/AISolutions/aisolutions-teste-php-laravel/vendor/laravel/framework/src/Illuminate/Database/Schema/Builder.php(439): Illuminate\\Database\\Schema\\Blueprint->build()
#4 /home/marconobre/Documentos/projetos/AISolutions/aisolutions-teste-php-laravel/vendor/laravel/framework/src/Illuminate/Database/Schema/Builder.php(281): Illuminate\\Database\\Schema\\Builder->build()
#5 /home/marconobre/Documentos/projetos/AISolutions/aisolutions-teste-php-laravel/vendor/laravel/framework/src/Illuminate/Support/Facades/Facade.php(353): Illuminate\\Database\\Schema\\Builder->create()
#6 /home/marconobre/Documentos/projetos/AISolutions/aisolutions-teste-php-laravel/database/migrations/2023_03_28_172350_create_categories_table.php(14): Illuminate\\Support\\Facades\\Facade::__callStatic()
#7 /home/marconobre/Documentos/projetos/AISolutions/aisolutions-teste-php-laravel/vendor/laravel/framework/src/Illuminate/Database/Migrations/Migrator.php(492): Illuminate\\Database\\Migrations\\Migration@anonymous->up()
#8 /home/marconobre/Documentos/projetos/AISolutions/aisolutions-teste-php-laravel/vendor/laravel/framework/src/Illuminate/Database/Migrations/Migrator.php(410): Illuminate\\Database\\Migrations\\Migrator->runMethod()
#9 /home/marconobre/Documentos/projetos/AISolutions/aisolutions-teste-php-laravel/vendor/laravel/framework/src/Illuminate/Database/Migrations/Migrator.php(419): Illuminate\\Database\\Migrations\\Migrator->Illuminate\\Database\\Migrations\\{closure}()
#10 /home/marconobre/Documentos/projetos/AISolutions/aisolutions-teste-php-laravel/vendor/laravel/framework/src/Illuminate/Database/Migrations/Migrator.php(216): Illuminate\\Database\\Migrations\\Migrator->runMigration()
#11 /home/marconobre/Documentos/projetos/AISolutions/aisolutions-teste-php-laravel/vendor/laravel/framework/src/Illuminate/Console/View/Components/Task.php(37): Illuminate\\Database\\Migrations\\Migrator->Illuminate\\Database\\Migrations\\{closure}()
#12 /home/marconobre/Documentos/projetos/AISolutions/aisolutions-teste-php-laravel/vendor/laravel/framework/src/Illuminate/Database/Migrations/Migrator.php(755): Illuminate\\Console\\View\\Components\\Task->render()
#13 /home/marconobre/Documentos/projetos/AISolutions/aisolutions-teste-php-laravel/vendor/laravel/framework/src/Illuminate/Database/Migrations/Migrator.php(216): Illuminate\\Database\\Migrations\\Migrator->write()
#14 /home/marconobre/Documentos/projetos/AISolutions/aisolutions-teste-php-laravel/vendor/laravel/framework/src/Illuminate/Database/Migrations/Migrator.php(181): Illuminate\\Database\\Migrations\\Migrator->runUp()
#15 /home/marconobre/Documentos/projetos/AISolutions/aisolutions-teste-php-laravel/vendor/laravel/framework/src/Illuminate/Database/Migrations/Migrator.php(124): Illuminate\\Database\\Migrations\\Migrator->runPending()
#16 /home/marconobre/Documentos/projetos/AISolutions/aisolutions-teste-php-laravel/vendor/laravel/framework/src/Illuminate/Database/Console/Migrations/MigrateCommand.php(88): Illuminate\\Database\\Migrations\\Migrator->run()
#17 /home/marconobre/Documentos/projetos/AISolutions/aisolutions-teste-php-laravel/vendor/laravel/framework/src/Illuminate/Database/Migrations/Migrator.php(632): Illuminate\\Database\\Console\\Migrations\\MigrateCommand->Illuminate\\Database\\Console\\Migrations\\{closure}()
#18 /home/marconobre/Documentos/projetos/AISolutions/aisolutions-teste-php-laravel/vendor/laravel/framework/src/Illuminate/Database/Console/Migrations/MigrateCommand.php(81): Illuminate\\Database\\Migrations\\Migrator->usingConnection()
#19 /home/marconobre/Documentos/projetos/AISolutions/aisolutions-teste-php-laravel/vendor/laravel/framework/src/Illuminate/Container/BoundMethod.php(36): Illuminate\\Database\\Console\\Migrations\\MigrateCommand->handle()
#20 /home/marconobre/Documentos/projetos/AISolutions/aisolutions-teste-php-laravel/vendor/laravel/framework/src/Illuminate/Container/Util.php(41): Illuminate\\Container\\BoundMethod::Illuminate\\Container\\{closure}()
#21 /home/marconobre/Documentos/projetos/AISolutions/aisolutions-teste-php-laravel/vendor/laravel/framework/src/Illuminate/Container/BoundMethod.php(93): Illuminate\\Container\\Util::unwrapIfClosure()
#22 /home/marconobre/Documentos/projetos/AISolutions/aisolutions-teste-php-laravel/vendor/laravel/framework/src/Illuminate/Container/BoundMethod.php(35): Illuminate\\Container\\BoundMethod::callBoundMethod()
#23 /home/marconobre/Documentos/projetos/AISolutions/aisolutions-teste-php-laravel/vendor/laravel/framework/src/Illuminate/Container/Container.php(661): Illuminate\\Container\\BoundMethod::call()
#24 /home/marconobre/Documentos/projetos/AISolutions/aisolutions-teste-php-laravel/vendor/laravel/framework/src/Illuminate/Console/Command.php(194): Illuminate\\Container\\Container->call()
#25 /home/marconobre/Documentos/projetos/AISolutions/aisolutions-teste-php-laravel/vendor/symfony/console/Command/Command.php(312): Illuminate\\Console\\Command->execute()
#26 /home/marconobre/Documentos/projetos/AISolutions/aisolutions-teste-php-laravel/vendor/laravel/framework/src/Illuminate/Console/Command.php(163): Symfony\\Component\\Console\\Command\\Command->run()
#27 /home/marconobre/Documentos/projetos/AISolutions/aisolutions-teste-php-laravel/vendor/laravel/framework/src/Illuminate/Console/Concerns/CallsCommands.php(67): Illuminate\\Console\\Command->run()
#28 /home/marconobre/Documentos/projetos/AISolutions/aisolutions-teste-php-laravel/vendor/laravel/framework/src/Illuminate/Console/Concerns/CallsCommands.php(28): Illuminate\\Console\\Command->runCommand()
#29 /home/marconobre/Documentos/projetos/AISolutions/aisolutions-teste-php-laravel/vendor/laravel/framework/src/Illuminate/Database/Console/Migrations/FreshCommand.php(53): Illuminate\\Console\\Command->call()
#30 /home/marconobre/Documentos/projetos/AISolutions/aisolutions-teste-php-laravel/vendor/laravel/framework/src/Illuminate/Container/BoundMethod.php(36): Illuminate\\Database\\Console\\Migrations\\FreshCommand->handle()
#31 /home/marconobre/Documentos/projetos/AISolutions/aisolutions-teste-php-laravel/vendor/laravel/framework/src/Illuminate/Container/Util.php(41): Illuminate\\Container\\BoundMethod::Illuminate\\Container\\{closure}()
#32 /home/marconobre/Documentos/projetos/AISolutions/aisolutions-teste-php-laravel/vendor/laravel/framework/src/Illuminate/Container/BoundMethod.php(93): Illuminate\\Container\\Util::unwrapIfClosure()
#33 /home/marconobre/Documentos/projetos/AISolutions/aisolutions-teste-php-laravel/vendor/laravel/framework/src/Illuminate/Container/BoundMethod.php(35): Illuminate\\Container\\BoundMethod::callBoundMethod()
#34 /home/marconobre/Documentos/projetos/AISolutions/aisolutions-teste-php-laravel/vendor/laravel/framework/src/Illuminate/Container/Container.php(661): Illuminate\\Container\\BoundMethod::call()
#35 /home/marconobre/Documentos/projetos/AISolutions/aisolutions-teste-php-laravel/vendor/laravel/framework/src/Illuminate/Console/Command.php(194): Illuminate\\Container\\Container->call()
#36 /home/marconobre/Documentos/projetos/AISolutions/aisolutions-teste-php-laravel/vendor/symfony/console/Command/Command.php(312): Illuminate\\Console\\Command->execute()
#37 /home/marconobre/Documentos/projetos/AISolutions/aisolutions-teste-php-laravel/vendor/laravel/framework/src/Illuminate/Console/Command.php(163): Symfony\\Component\\Console\\Command\\Command->run()
#38 /home/marconobre/Documentos/projetos/AISolutions/aisolutions-teste-php-laravel/vendor/symfony/console/Application.php(1040): Illuminate\\Console\\Command->run()
#39 /home/marconobre/Documentos/projetos/AISolutions/aisolutions-teste-php-laravel/vendor/symfony/console/Application.php(314): Symfony\\Component\\Console\\Application->doRunCommand()
#40 /home/marconobre/Documentos/projetos/AISolutions/aisolutions-teste-php-laravel/vendor/symfony/console/Application.php(168): Symfony\\Component\\Console\\Application->doRun()
#41 /home/marconobre/Documentos/projetos/AISolutions/aisolutions-teste-php-laravel/vendor/laravel/framework/src/Illuminate/Foundation/Console/Kernel.php(200): Symfony\\Component\\Console\\Application->run()
#42 /home/marconobre/Documentos/projetos/AISolutions/aisolutions-teste-php-laravel/artisan(35): Illuminate\\Foundation\\Console\\Kernel->handle()
#43 {main}

[previous exception] [object] (PDOException(code: HY000): SQLSTATE[HY000]: General error: 1 duplicate column name: created_at at /home/marconobre/Documentos/projetos/AISolutions/aisolutions-teste-php-laravel/vendor/laravel/framework/src/Illuminate/Database/Connection.php:539)
[stacktrace]
#0 /home/marconobre/Documentos/projetos/AISolutions/aisolutions-teste-php-laravel/vendor/laravel/framework/src/Illuminate/Database/Connection.php(539): PDO->prepare()
#1 /home/marconobre/Documentos/projetos/AISolutions/aisolutions-teste-php-laravel/vendor/laravel/framework/src/Illuminate/Database/Connection.php(753): Illuminate\\Database\\Connection->Illuminate\\Database\\{closure}()
#2 /home/marconobre/Documentos/projetos/AISolutions/aisolutions-teste-php-laravel/vendor/laravel/framework/src/Illuminate/Database/Connection.php(720): Illuminate\\Database\\Connection->runQueryCallback()
#3 /home/marconobre/Documentos/projetos/AISolutions/aisolutions-teste-php-laravel/vendor/laravel/framework/src/Illuminate/Database/Connection.php(534): Illuminate\\Database\\Connection->run()
#4 /home/marconobre/Documentos/projetos/AISolutions/aisolutions-teste-php-laravel/vendor/laravel/framework/src/Illuminate/Database/Schema/Blueprint.php(109): Illuminate\\Database\\Connection->statement()
#5 /home/marconobre/Documentos/projetos/AISolutions/aisolutions-teste-php-laravel/vendor/laravel/framework/src/Illuminate/Database/Schema/Builder.php(439): Illuminate\\Database\\Schema\\Blueprint->build()
#6 /home/marconobre/Documentos/projetos/AISolutions/aisolutions-teste-php-laravel/vendor/laravel/framework/src/Illuminate/Database/Schema/Builder.php(281): Illuminate\\Database\\Schema\\Builder->build()
#7 /home/marconobre/Documentos/projetos/AISolutions/aisolutions-teste-php-laravel/vendor/laravel/framework/src/Illuminate/Support/Facades/Facade.php(353): Illuminate\\Database\\Schema\\Builder->create()
#8 /home/marconobre/Documentos/projetos/AISolutions/aisolutions-teste-php-laravel/database/migrations/2023_03_28_172350_create_categories_table.php(14): Illuminate\\Support\\Facades\\Facade::__callStatic()
#9 /home/marconobre/Documentos/projetos/AISolutions/aisolutions-teste-php-laravel/vendor/laravel/framework/src/Illuminate/Database/Migrations/Migrator.php(492): Illuminate\\Database\\Migrations\\Migration@anonymous->up()
#10 /home/marconobre/Documentos/projetos/AISolutions/aisolutions-teste-php-laravel/vendor/laravel/framework/src/Illuminate/Database/Migrations/Migrator.php(410): Illuminate\\Database\\Migrations\\Migrator->runMethod()
#11 /home/marconobre/Documentos/projetos/AISolutions/aisolutions-teste-php-laravel/vendor/laravel/framework/src/Illuminate/Database/Migrations/Migrator.php(419): Illuminate\\Database\\Migrations\\Migrator->Illuminate\\Database\\Migrations\\{closure}()
#12 /home/marconobre/Documentos/projetos/AISolutions/aisolutions-teste-php-laravel/vendor/laravel/framework/src/Illuminate/Database/Migrations/Migrator.php(216): Illuminate\\Database\\Migrations\\Migrator->runMigration()
#13 /home/marconobre/Documentos/projetos/AISolutions/aisolutions-teste-php-laravel/vendor/laravel/framework/src/Illuminate/Console/View/Components/Task.php(37): Illuminate\\Database\\Migrations\\Migrator->Illuminate\\Database\\Migrations\\{closure}()
#14 /home/marconobre/Documentos/projetos/AISolutions/aisolutions-teste-php-laravel/vendor/laravel/framework/src/Illuminate/Database/Migrations/Migrator.php(755): Illuminate\\Console\\View\\Components\\Task->render()
#15 /home/marconobre/Documentos/projetos/AISolutions/aisolutions-teste-php-laravel/vendor/laravel/framework/src/Illuminate/Database/Migrations/Migrator.php(216): Illuminate\\Database\\Migrations\\Migrator->write()
#16 /home/marconobre/Documentos/projetos/AISolutions/aisolutions-teste-php-laravel/vendor/laravel/framework/src/Illuminate/Database/Migrations/Migrator.php(181): Illuminate\\Database\\Migrations\\Migrator->runUp()
#17 /home/marconobre/Documentos/projetos/AISolutions/aisolutions-teste-php-laravel/vendor/laravel/framework/src/Illuminate/Database/Migrations/Migrator.php(124): Illuminate\\Database\\Migrations\\Migrator->runPending()
#18 /home/marconobre/Documentos/projetos/AISolutions/aisolutions-teste-php-laravel/vendor/laravel/framework/src/Illuminate/Database/Console/Migrations/MigrateCommand.php(88): Illuminate\\Database\\Migrations\\Migrator->run()
#19 /home/marconobre/Documentos/projetos/AISolutions/aisolutions-teste-php-laravel/vendor/laravel/framework/src/Illuminate/Database/Migrations/Migrator.php(632): Illuminate\\Database\\Console\\Migrations\\MigrateCommand->Illuminate\\Database\\Console\\Migrations\\{closure}()
#20 /home/marconobre/Documentos/projetos/AISolutions/aisolutions-teste-php-laravel/vendor/laravel/framework/src/Illuminate/Database/Console/Migrations/MigrateCommand.php(81): Illuminate\\Database\\Migrations\\Migrator->usingConnection()
#21 /home/marconobre/Documentos/projetos/AISolutions/aisolutions-teste-php-laravel/vendor/laravel/framework/src/Illuminate/Container/BoundMethod.php(36): Illuminate\\Database\\Console\\Migrations\\MigrateCommand->handle()
#22 /home/marconobre/Documentos/projetos/AISolutions/aisolutions-teste-php-laravel/vendor/laravel/framework/src/Illuminate/Container/Util.php(41): Illuminate\\Container\\BoundMethod::Illuminate\\Container\\{closure}()
#23 /home/marconobre/Documentos/projetos/AISolutions/aisolutions-teste-php-laravel/vendor/laravel/framework/src/Illuminate/Container/BoundMethod.php(93): Illuminate\\Container\\Util::unwrapIfClosure()
#24 /home/marconobre/Documentos/projetos/AISolutions/aisolutions-teste-php-laravel/vendor/laravel/framework/src/Illuminate/Container/BoundMethod.php(35): Illuminate\\Container\\BoundMethod::callBoundMethod()
#25 /home/marconobre/Documentos/projetos/AISolutions/aisolutions-teste-php-laravel/vendor/laravel/framework/src/Illuminate/Container/Container.php(661): Illuminate\\Container\\BoundMethod::call()
#26 /home/marconobre/Documentos/projetos/AISolutions/aisolutions-teste-php-laravel/vendor/laravel/framework/src/Illuminate/Console/Command.php(194): Illuminate\\Container\\Container->call()
#27 /home/marconobre/Documentos/projetos/AISolutions/aisolutions-teste-php-laravel/vendor/symfony/console/Command/Command.php(312): Illuminate\\Console\\Command->execute()
#28 /home/marconobre/Documentos/projetos/AISolutions/aisolutions-teste-php-laravel/vendor/laravel/framework/src/Illuminate/Console/Command.php(163): Symfony\\Component\\Console\\Command\\Command->run()
#29 /home/marconobre/Documentos/projetos/AISolutions/aisolutions-teste-php-laravel/vendor/laravel/framework/src/Illuminate/Console/Concerns/CallsCommands.php(67): Illuminate\\Console\\Command->run()
#30 /home/marconobre/Documentos/projetos/AISolutions/aisolutions-teste-php-laravel/vendor/laravel/framework/src/Illuminate/Console/Concerns/CallsCommands.php(28): Illuminate\\Console\\Command->runCommand()
#31 /home/marconobre/Documentos/projetos/AISolutions/aisolutions-teste-php-laravel/vendor/laravel/framework/src/Illuminate/Database/Console/Migrations/FreshCommand.php(53): Illuminate\\Console\\Command->call()
#32 /home/marconobre/Documentos/projetos/AISolutions/aisolutions-teste-php-laravel/vendor/laravel/framework/src/Illuminate/Container/BoundMethod.php(36): Illuminate\\Database\\Console\\Migrations\\FreshCommand->handle()
#33 /home/marconobre/Documentos/projetos/AISolutions/aisolutions-teste-php-laravel/vendor/laravel/framework/src/Illuminate/Container/Util.php(41): Illuminate\\Container\\BoundMethod::Illuminate\\Container\\{closure}()
#34 /home/marconobre/Documentos/projetos/AISolutions/aisolutions-teste-php-laravel/vendor/laravel/framework/src/Illuminate/Container/BoundMethod.php(93): Illuminate\\Container\\Util::unwrapIfClosure()
#35 /home/marconobre/Documentos/projetos/AISolutions/aisolutions-teste-php-laravel/vendor/laravel/framework/src/Illuminate/Container/BoundMethod.php(35): Illuminate\\Container\\BoundMethod::callBoundMethod()
#36 /home/marconobre/Documentos/projetos/AISolutions/aisolutions-teste-php-laravel/vendor/laravel/framework/src/Illuminate/Container/Container.php(661): Illuminate\\Container\\BoundMethod::call()
#37 /home/marconobre/Documentos/projetos/AISolutions/aisolutions-teste-php-laravel/vendor/laravel/framework/src/Illuminate/Console/Command.php(194): Illuminate\\Container\\Container->call()
#38 /home/marconobre/Documentos/projetos/AISolutions/aisolutions-teste-php-laravel/vendor/symfony/console/Command/Command.php(312): Illuminate\\Console\\Command->execute()
#39 /home/marconobre/Documentos/projetos/AISolutions/aisolutions-teste-php-laravel/vendor/laravel/framework/src/Illuminate/Console/Command.php(163): Symfony\\Component\\Console\\Command\\Command->run()
#40 /home/marconobre/Documentos/projetos/AISolutions/aisolutions-teste-php-laravel/vendor/symfony/console/Application.php(1040): Illuminate\\Console\\Command->run()
#41 /home/marconobre/Documentos/projetos/AISolutions/aisolutions-teste-php-laravel/vendor/symfony/console/Application.php(314): Symfony\\Component\\Console\\Application->doRunCommand()
#42 /home/marconobre/Documentos/projetos/AISolutions/aisolutions-teste-php-laravel/vendor/symfony/console/Application.php(168): Symfony\\Component\\Console\\Application->doRun()
#43 /home/marconobre/Documentos/projetos/AISolutions/aisolutions-teste-php-laravel/vendor/laravel/framework/src/Illuminate/Foundation/Console/Kernel.php(200): Symfony\\Component\\Console\\Application->run()
#44 /home/marconobre/Documentos/projetos/AISolutions/aisolutions-teste-php-laravel/artisan(35): Illuminate\\Foundation\\Console\\Kernel->handle()
#45 {main}
"} 
[2024-10-28 18:40:07] local.ERROR: Call to a member function useCurrent() on null {"exception":"[object] (Error(code: 0): Call to a member function useCurrent() on null at /home/marconobre/Documentos/projetos/AISolutions/aisolutions-teste-php-laravel/database/migrations/2023_03_28_172350_create_categories_table.php:17)
[stacktrace]
#0 /home/marconobre/Documentos/projetos/AISolutions/aisolutions-teste-php-laravel/vendor/laravel/framework/src/Illuminate/Database/Schema/Builder.php(284): Illuminate\\Database\\Migrations\\Migration@anonymous->{closure}()
#1 /home/marconobre/Documentos/projetos/AISolutions/aisolutions-teste-php-laravel/vendor/laravel/framework/src/Illuminate/Support/helpers.php(306): Illuminate\\Database\\Schema\\Builder->Illuminate\\Database\\Schema\\{closure}()
#2 /home/marconobre/Documentos/projetos/AISolutions/aisolutions-teste-php-laravel/vendor/laravel/framework/src/Illuminate/Database/Schema/Builder.php(281): tap()
#3 /home/marconobre/Documentos/projetos/AISolutions/aisolutions-teste-php-laravel/vendor/laravel/framework/src/Illuminate/Support/Facades/Facade.php(353): Illuminate\\Database\\Schema\\Builder->create()
#4 /home/marconobre/Documentos/projetos/AISolutions/aisolutions-teste-php-laravel/database/migrations/2023_03_28_172350_create_categories_table.php(14): Illuminate\\Support\\Facades\\Facade::__callStatic()
#5 /home/marconobre/Documentos/projetos/AISolutions/aisolutions-teste-php-laravel/vendor/laravel/framework/src/Illuminate/Database/Migrations/Migrator.php(492): Illuminate\\Database\\Migrations\\Migration@anonymous->up()
#6 /home/marconobre/Documentos/projetos/AISolutions/aisolutions-teste-php-laravel/vendor/laravel/framework/src/Illuminate/Database/Migrations/Migrator.php(410): Illuminate\\Database\\Migrations\\Migrator->runMethod()
#7 /home/marconobre/Documentos/projetos/AISolutions/aisolutions-teste-php-laravel/vendor/laravel/framework/src/Illuminate/Database/Migrations/Migrator.php(419): Illuminate\\Database\\Migrations\\Migrator->Illuminate\\Database\\Migrations\\{closure}()
#8 /home/marconobre/Documentos/projetos/AISolutions/aisolutions-teste-php-laravel/vendor/laravel/framework/src/Illuminate/Database/Migrations/Migrator.php(216): Illuminate\\Database\\Migrations\\Migrator->runMigration()
#9 /home/marconobre/Documentos/projetos/AISolutions/aisolutions-teste-php-laravel/vendor/laravel/framework/src/Illuminate/Console/View/Components/Task.php(37): Illuminate\\Database\\Migrations\\Migrator->Illuminate\\Database\\Migrations\\{closure}()
#10 /home/marconobre/Documentos/projetos/AISolutions/aisolutions-teste-php-laravel/vendor/laravel/framework/src/Illuminate/Database/Migrations/Migrator.php(755): Illuminate\\Console\\View\\Components\\Task->render()
#11 /home/marconobre/Documentos/projetos/AISolutions/aisolutions-teste-php-laravel/vendor/laravel/framework/src/Illuminate/Database/Migrations/Migrator.php(216): Illuminate\\Database\\Migrations\\Migrator->write()
#12 /home/marconobre/Documentos/projetos/AISolutions/aisolutions-teste-php-laravel/vendor/laravel/framework/src/Illuminate/Database/Migrations/Migrator.php(181): Illuminate\\Database\\Migrations\\Migrator->runUp()
#13 /home/marconobre/Documentos/projetos/AISolutions/aisolutions-teste-php-laravel/vendor/laravel/framework/src/Illuminate/Database/Migrations/Migrator.php(124): Illuminate\\Database\\Migrations\\Migrator->runPending()
#14 /home/marconobre/Documentos/projetos/AISolutions/aisolutions-teste-php-laravel/vendor/laravel/framework/src/Illuminate/Database/Console/Migrations/MigrateCommand.php(88): Illuminate\\Database\\Migrations\\Migrator->run()
#15 /home/marconobre/Documentos/projetos/AISolutions/aisolutions-teste-php-laravel/vendor/laravel/framework/src/Illuminate/Database/Migrations/Migrator.php(632): Illuminate\\Database\\Console\\Migrations\\MigrateCommand->Illuminate\\Database\\Console\\Migrations\\{closure}()
#16 /home/marconobre/Documentos/projetos/AISolutions/aisolutions-teste-php-laravel/vendor/laravel/framework/src/Illuminate/Database/Console/Migrations/MigrateCommand.php(81): Illuminate\\Database\\Migrations\\Migrator->usingConnection()
#17 /home/marconobre/Documentos/projetos/AISolutions/aisolutions-teste-php-laravel/vendor/laravel/framework/src/Illuminate/Container/BoundMethod.php(36): Illuminate\\Database\\Console\\Migrations\\MigrateCommand->handle()
#18 /home/marconobre/Documentos/projetos/AISolutions/aisolutions-teste-php-laravel/vendor/laravel/framework/src/Illuminate/Container/Util.php(41): Illuminate\\Container\\BoundMethod::Illuminate\\Container\\{closure}()
#19 /home/marconobre/Documentos/projetos/AISolutions/aisolutions-teste-php-laravel/vendor/laravel/framework/src/Illuminate/Container/BoundMethod.php(93): Illuminate\\Container\\Util::unwrapIfClosure()
#20 /home/marconobre/Documentos/projetos/AISolutions/aisolutions-teste-php-laravel/vendor/laravel/framework/src/Illuminate/Container/BoundMethod.php(35): Illuminate\\Container\\BoundMethod::callBoundMethod()
#21 /home/marconobre/Documentos/projetos/AISolutions/aisolutions-teste-php-laravel/vendor/laravel/framework/src/Illuminate/Container/Container.php(661): Illuminate\\Container\\BoundMethod::call()
#22 /home/marconobre/Documentos/projetos/AISolutions/aisolutions-teste-php-laravel/vendor/laravel/framework/src/Illuminate/Console/Command.php(194): Illuminate\\Container\\Container->call()
#23 /home/marconobre/Documentos/projetos/AISolutions/aisolutions-teste-php-laravel/vendor/symfony/console/Command/Command.php(312): Illuminate\\Console\\Command->execute()
#24 /home/marconobre/Documentos/projetos/AISolutions/aisolutions-teste-php-laravel/vendor/laravel/framework/src/Illuminate/Console/Command.php(163): Symfony\\Component\\Console\\Command\\Command->run()
#25 /home/marconobre/Documentos/projetos/AISolutions/aisolutions-teste-php-laravel/vendor/laravel/framework/src/Illuminate/Console/Concerns/CallsCommands.php(67): Illuminate\\Console\\Command->run()
#26 /home/marconobre/Documentos/projetos/AISolutions/aisolutions-teste-php-laravel/vendor/laravel/framework/src/Illuminate/Console/Concerns/CallsCommands.php(28): Illuminate\\Console\\Command->runCommand()
#27 /home/marconobre/Documentos/projetos/AISolutions/aisolutions-teste-php-laravel/vendor/laravel/framework/src/Illuminate/Database/Console/Migrations/FreshCommand.php(53): Illuminate\\Console\\Command->call()
#28 /home/marconobre/Documentos/projetos/AISolutions/aisolutions-teste-php-laravel/vendor/laravel/framework/src/Illuminate/Container/BoundMethod.php(36): Illuminate\\Database\\Console\\Migrations\\FreshCommand->handle()
#29 /home/marconobre/Documentos/projetos/AISolutions/aisolutions-teste-php-laravel/vendor/laravel/framework/src/Illuminate/Container/Util.php(41): Illuminate\\Container\\BoundMethod::Illuminate\\Container\\{closure}()
#30 /home/marconobre/Documentos/projetos/AISolutions/aisolutions-teste-php-laravel/vendor/laravel/framework/src/Illuminate/Container/BoundMethod.php(93): Illuminate\\Container\\Util::unwrapIfClosure()
#31 /home/marconobre/Documentos/projetos/AISolutions/aisolutions-teste-php-laravel/vendor/laravel/framework/src/Illuminate/Container/BoundMethod.php(35): Illuminate\\Container\\BoundMethod::callBoundMethod()
#32 /home/marconobre/Documentos/projetos/AISolutions/aisolutions-teste-php-laravel/vendor/laravel/framework/src/Illuminate/Container/Container.php(661): Illuminate\\Container\\BoundMethod::call()
#33 /home/marconobre/Documentos/projetos/AISolutions/aisolutions-teste-php-laravel/vendor/laravel/framework/src/Illuminate/Console/Command.php(194): Illuminate\\Container\\Container->call()
#34 /home/marconobre/Documentos/projetos/AISolutions/aisolutions-teste-php-laravel/vendor/symfony/console/Command/Command.php(312): Illuminate\\Console\\Command->execute()
#35 /home/marconobre/Documentos/projetos/AISolutions/aisolutions-teste-php-laravel/vendor/laravel/framework/src/Illuminate/Console/Command.php(163): Symfony\\Component\\Console\\Command\\Command->run()
#36 /home/marconobre/Documentos/projetos/AISolutions/aisolutions-teste-php-laravel/vendor/symfony/console/Application.php(1040): Illuminate\\Console\\Command->run()
#37 /home/marconobre/Documentos/projetos/AISolutions/aisolutions-teste-php-laravel/vendor/symfony/console/Application.php(314): Symfony\\Component\\Console\\Application->doRunCommand()
#38 /home/marconobre/Documentos/projetos/AISolutions/aisolutions-teste-php-laravel/vendor/symfony/console/Application.php(168): Symfony\\Component\\Console\\Application->doRun()
#39 /home/marconobre/Documentos/projetos/AISolutions/aisolutions-teste-php-laravel/vendor/laravel/framework/src/Illuminate/Foundation/Console/Kernel.php(200): Symfony\\Component\\Console\\Application->run()
#40 /home/marconobre/Documentos/projetos/AISolutions/aisolutions-teste-php-laravel/artisan(35): Illuminate\\Foundation\\Console\\Kernel->handle()
#41 {main}
"} 
[2024-10-28 18:44:39] local.ERROR: Call to a member function useCurrent() on null {"exception":"[object] (Error(code: 0): Call to a member function useCurrent() on null at /home/marconobre/Documentos/projetos/AISolutions/aisolutions-teste-php-laravel/database/migrations/2023_03_28_172401_create_documents_table.php:19)
[stacktrace]
#0 /home/marconobre/Documentos/projetos/AISolutions/aisolutions-teste-php-laravel/vendor/laravel/framework/src/Illuminate/Database/Schema/Builder.php(284): Illuminate\\Database\\Migrations\\Migration@anonymous->{closure}()
#1 /home/marconobre/Documentos/projetos/AISolutions/aisolutions-teste-php-laravel/vendor/laravel/framework/src/Illuminate/Support/helpers.php(306): Illuminate\\Database\\Schema\\Builder->Illuminate\\Database\\Schema\\{closure}()
#2 /home/marconobre/Documentos/projetos/AISolutions/aisolutions-teste-php-laravel/vendor/laravel/framework/src/Illuminate/Database/Schema/Builder.php(281): tap()
#3 /home/marconobre/Documentos/projetos/AISolutions/aisolutions-teste-php-laravel/vendor/laravel/framework/src/Illuminate/Support/Facades/Facade.php(353): Illuminate\\Database\\Schema\\Builder->create()
#4 /home/marconobre/Documentos/projetos/AISolutions/aisolutions-teste-php-laravel/database/migrations/2023_03_28_172401_create_documents_table.php(14): Illuminate\\Support\\Facades\\Facade::__callStatic()
#5 /home/marconobre/Documentos/projetos/AISolutions/aisolutions-teste-php-laravel/vendor/laravel/framework/src/Illuminate/Database/Migrations/Migrator.php(492): Illuminate\\Database\\Migrations\\Migration@anonymous->up()
#6 /home/marconobre/Documentos/projetos/AISolutions/aisolutions-teste-php-laravel/vendor/laravel/framework/src/Illuminate/Database/Migrations/Migrator.php(410): Illuminate\\Database\\Migrations\\Migrator->runMethod()
#7 /home/marconobre/Documentos/projetos/AISolutions/aisolutions-teste-php-laravel/vendor/laravel/framework/src/Illuminate/Database/Migrations/Migrator.php(419): Illuminate\\Database\\Migrations\\Migrator->Illuminate\\Database\\Migrations\\{closure}()
#8 /home/marconobre/Documentos/projetos/AISolutions/aisolutions-teste-php-laravel/vendor/laravel/framework/src/Illuminate/Database/Migrations/Migrator.php(216): Illuminate\\Database\\Migrations\\Migrator->runMigration()
#9 /home/marconobre/Documentos/projetos/AISolutions/aisolutions-teste-php-laravel/vendor/laravel/framework/src/Illuminate/Console/View/Components/Task.php(37): Illuminate\\Database\\Migrations\\Migrator->Illuminate\\Database\\Migrations\\{closure}()
#10 /home/marconobre/Documentos/projetos/AISolutions/aisolutions-teste-php-laravel/vendor/laravel/framework/src/Illuminate/Database/Migrations/Migrator.php(755): Illuminate\\Console\\View\\Components\\Task->render()
#11 /home/marconobre/Documentos/projetos/AISolutions/aisolutions-teste-php-laravel/vendor/laravel/framework/src/Illuminate/Database/Migrations/Migrator.php(216): Illuminate\\Database\\Migrations\\Migrator->write()
#12 /home/marconobre/Documentos/projetos/AISolutions/aisolutions-teste-php-laravel/vendor/laravel/framework/src/Illuminate/Database/Migrations/Migrator.php(181): Illuminate\\Database\\Migrations\\Migrator->runUp()
#13 /home/marconobre/Documentos/projetos/AISolutions/aisolutions-teste-php-laravel/vendor/laravel/framework/src/Illuminate/Database/Migrations/Migrator.php(124): Illuminate\\Database\\Migrations\\Migrator->runPending()
#14 /home/marconobre/Documentos/projetos/AISolutions/aisolutions-teste-php-laravel/vendor/laravel/framework/src/Illuminate/Database/Console/Migrations/MigrateCommand.php(88): Illuminate\\Database\\Migrations\\Migrator->run()
#15 /home/marconobre/Documentos/projetos/AISolutions/aisolutions-teste-php-laravel/vendor/laravel/framework/src/Illuminate/Database/Migrations/Migrator.php(632): Illuminate\\Database\\Console\\Migrations\\MigrateCommand->Illuminate\\Database\\Console\\Migrations\\{closure}()
#16 /home/marconobre/Documentos/projetos/AISolutions/aisolutions-teste-php-laravel/vendor/laravel/framework/src/Illuminate/Database/Console/Migrations/MigrateCommand.php(81): Illuminate\\Database\\Migrations\\Migrator->usingConnection()
#17 /home/marconobre/Documentos/projetos/AISolutions/aisolutions-teste-php-laravel/vendor/laravel/framework/src/Illuminate/Container/BoundMethod.php(36): Illuminate\\Database\\Console\\Migrations\\MigrateCommand->handle()
#18 /home/marconobre/Documentos/projetos/AISolutions/aisolutions-teste-php-laravel/vendor/laravel/framework/src/Illuminate/Container/Util.php(41): Illuminate\\Container\\BoundMethod::Illuminate\\Container\\{closure}()
#19 /home/marconobre/Documentos/projetos/AISolutions/aisolutions-teste-php-laravel/vendor/laravel/framework/src/Illuminate/Container/BoundMethod.php(93): Illuminate\\Container\\Util::unwrapIfClosure()
#20 /home/marconobre/Documentos/projetos/AISolutions/aisolutions-teste-php-laravel/vendor/laravel/framework/src/Illuminate/Container/BoundMethod.php(35): Illuminate\\Container\\BoundMethod::callBoundMethod()
#21 /home/marconobre/Documentos/projetos/AISolutions/aisolutions-teste-php-laravel/vendor/laravel/framework/src/Illuminate/Container/Container.php(661): Illuminate\\Container\\BoundMethod::call()
#22 /home/marconobre/Documentos/projetos/AISolutions/aisolutions-teste-php-laravel/vendor/laravel/framework/src/Illuminate/Console/Command.php(194): Illuminate\\Container\\Container->call()
#23 /home/marconobre/Documentos/projetos/AISolutions/aisolutions-teste-php-laravel/vendor/symfony/console/Command/Command.php(312): Illuminate\\Console\\Command->execute()
#24 /home/marconobre/Documentos/projetos/AISolutions/aisolutions-teste-php-laravel/vendor/laravel/framework/src/Illuminate/Console/Command.php(163): Symfony\\Component\\Console\\Command\\Command->run()
#25 /home/marconobre/Documentos/projetos/AISolutions/aisolutions-teste-php-laravel/vendor/laravel/framework/src/Illuminate/Console/Concerns/CallsCommands.php(67): Illuminate\\Console\\Command->run()
#26 /home/marconobre/Documentos/projetos/AISolutions/aisolutions-teste-php-laravel/vendor/laravel/framework/src/Illuminate/Console/Concerns/CallsCommands.php(28): Illuminate\\Console\\Command->runCommand()
#27 /home/marconobre/Documentos/projetos/AISolutions/aisolutions-teste-php-laravel/vendor/laravel/framework/src/Illuminate/Database/Console/Migrations/FreshCommand.php(53): Illuminate\\Console\\Command->call()
#28 /home/marconobre/Documentos/projetos/AISolutions/aisolutions-teste-php-laravel/vendor/laravel/framework/src/Illuminate/Container/BoundMethod.php(36): Illuminate\\Database\\Console\\Migrations\\FreshCommand->handle()
#29 /home/marconobre/Documentos/projetos/AISolutions/aisolutions-teste-php-laravel/vendor/laravel/framework/src/Illuminate/Container/Util.php(41): Illuminate\\Container\\BoundMethod::Illuminate\\Container\\{closure}()
#30 /home/marconobre/Documentos/projetos/AISolutions/aisolutions-teste-php-laravel/vendor/laravel/framework/src/Illuminate/Container/BoundMethod.php(93): Illuminate\\Container\\Util::unwrapIfClosure()
#31 /home/marconobre/Documentos/projetos/AISolutions/aisolutions-teste-php-laravel/vendor/laravel/framework/src/Illuminate/Container/BoundMethod.php(35): Illuminate\\Container\\BoundMethod::callBoundMethod()
#32 /home/marconobre/Documentos/projetos/AISolutions/aisolutions-teste-php-laravel/vendor/laravel/framework/src/Illuminate/Container/Container.php(661): Illuminate\\Container\\BoundMethod::call()
#33 /home/marconobre/Documentos/projetos/AISolutions/aisolutions-teste-php-laravel/vendor/laravel/framework/src/Illuminate/Console/Command.php(194): Illuminate\\Container\\Container->call()
#34 /home/marconobre/Documentos/projetos/AISolutions/aisolutions-teste-php-laravel/vendor/symfony/console/Command/Command.php(312): Illuminate\\Console\\Command->execute()
#35 /home/marconobre/Documentos/projetos/AISolutions/aisolutions-teste-php-laravel/vendor/laravel/framework/src/Illuminate/Console/Command.php(163): Symfony\\Component\\Console\\Command\\Command->run()
#36 /home/marconobre/Documentos/projetos/AISolutions/aisolutions-teste-php-laravel/vendor/symfony/console/Application.php(1040): Illuminate\\Console\\Command->run()
#37 /home/marconobre/Documentos/projetos/AISolutions/aisolutions-teste-php-laravel/vendor/symfony/console/Application.php(314): Symfony\\Component\\Console\\Application->doRunCommand()
#38 /home/marconobre/Documentos/projetos/AISolutions/aisolutions-teste-php-laravel/vendor/symfony/console/Application.php(168): Symfony\\Component\\Console\\Application->doRun()
#39 /home/marconobre/Documentos/projetos/AISolutions/aisolutions-teste-php-laravel/vendor/laravel/framework/src/Illuminate/Foundation/Console/Kernel.php(200): Symfony\\Component\\Console\\Application->run()
#40 /home/marconobre/Documentos/projetos/AISolutions/aisolutions-teste-php-laravel/artisan(35): Illuminate\\Foundation\\Console\\Kernel->handle()
#41 {main}
"} 
[2024-10-28 18:49:30] local.ERROR: SQLSTATE[23000]: Integrity constraint violation: 19 NOT NULL constraint failed: categories.updated_at (Connection: sqlite, SQL: insert into "categories" ("name") values (Remessa Parcial)) {"exception":"[object] (Illuminate\\Database\\QueryException(code: 23000): SQLSTATE[23000]: Integrity constraint violation: 19 NOT NULL constraint failed: categories.updated_at (Connection: sqlite, SQL: insert into \"categories\" (\"name\") values (Remessa Parcial)) at /home/marconobre/Documentos/projetos/AISolutions/aisolutions-teste-php-laravel/vendor/laravel/framework/src/Illuminate/Database/Connection.php:760)
[stacktrace]
#0 /home/marconobre/Documentos/projetos/AISolutions/aisolutions-teste-php-laravel/vendor/laravel/framework/src/Illuminate/Database/Connection.php(720): Illuminate\\Database\\Connection->runQueryCallback()
#1 /home/marconobre/Documentos/projetos/AISolutions/aisolutions-teste-php-laravel/vendor/laravel/framework/src/Illuminate/Database/Connection.php(534): Illuminate\\Database\\Connection->run()
#2 /home/marconobre/Documentos/projetos/AISolutions/aisolutions-teste-php-laravel/vendor/laravel/framework/src/Illuminate/Database/Connection.php(498): Illuminate\\Database\\Connection->statement()
#3 /home/marconobre/Documentos/projetos/AISolutions/aisolutions-teste-php-laravel/vendor/laravel/framework/src/Illuminate/Database/Query/Builder.php(3289): Illuminate\\Database\\Connection->insert()
#4 /home/marconobre/Documentos/projetos/AISolutions/aisolutions-teste-php-laravel/database/seeders/CategorySeeder.php(15): Illuminate\\Database\\Query\\Builder->insert()
#5 /home/marconobre/Documentos/projetos/AISolutions/aisolutions-teste-php-laravel/vendor/laravel/framework/src/Illuminate/Container/BoundMethod.php(36): Database\\Seeders\\CategorySeeder->run()
#6 /home/marconobre/Documentos/projetos/AISolutions/aisolutions-teste-php-laravel/vendor/laravel/framework/src/Illuminate/Container/Util.php(41): Illuminate\\Container\\BoundMethod::Illuminate\\Container\\{closure}()
#7 /home/marconobre/Documentos/projetos/AISolutions/aisolutions-teste-php-laravel/vendor/laravel/framework/src/Illuminate/Container/BoundMethod.php(93): Illuminate\\Container\\Util::unwrapIfClosure()
#8 /home/marconobre/Documentos/projetos/AISolutions/aisolutions-teste-php-laravel/vendor/laravel/framework/src/Illuminate/Container/BoundMethod.php(35): Illuminate\\Container\\BoundMethod::callBoundMethod()
#9 /home/marconobre/Documentos/projetos/AISolutions/aisolutions-teste-php-laravel/vendor/laravel/framework/src/Illuminate/Container/Container.php(661): Illuminate\\Container\\BoundMethod::call()
#10 /home/marconobre/Documentos/projetos/AISolutions/aisolutions-teste-php-laravel/vendor/laravel/framework/src/Illuminate/Database/Seeder.php(184): Illuminate\\Container\\Container->call()
#11 /home/marconobre/Documentos/projetos/AISolutions/aisolutions-teste-php-laravel/vendor/laravel/framework/src/Illuminate/Database/Seeder.php(193): Illuminate\\Database\\Seeder->Illuminate\\Database\\{closure}()
#12 /home/marconobre/Documentos/projetos/AISolutions/aisolutions-teste-php-laravel/vendor/laravel/framework/src/Illuminate/Database/Console/Seeds/SeedCommand.php(70): Illuminate\\Database\\Seeder->__invoke()
#13 /home/marconobre/Documentos/projetos/AISolutions/aisolutions-teste-php-laravel/vendor/laravel/framework/src/Illuminate/Database/Eloquent/Concerns/GuardsAttributes.php(155): Illuminate\\Database\\Console\\Seeds\\SeedCommand->Illuminate\\Database\\Console\\Seeds\\{closure}()
#14 /home/marconobre/Documentos/projetos/AISolutions/aisolutions-teste-php-laravel/vendor/laravel/framework/src/Illuminate/Database/Console/Seeds/SeedCommand.php(69): Illuminate\\Database\\Eloquent\\Model::unguarded()
#15 /home/marconobre/Documentos/projetos/AISolutions/aisolutions-teste-php-laravel/vendor/laravel/framework/src/Illuminate/Container/BoundMethod.php(36): Illuminate\\Database\\Console\\Seeds\\SeedCommand->handle()
#16 /home/marconobre/Documentos/projetos/AISolutions/aisolutions-teste-php-laravel/vendor/laravel/framework/src/Illuminate/Container/Util.php(41): Illuminate\\Container\\BoundMethod::Illuminate\\Container\\{closure}()
#17 /home/marconobre/Documentos/projetos/AISolutions/aisolutions-teste-php-laravel/vendor/laravel/framework/src/Illuminate/Container/BoundMethod.php(93): Illuminate\\Container\\Util::unwrapIfClosure()
#18 /home/marconobre/Documentos/projetos/AISolutions/aisolutions-teste-php-laravel/vendor/laravel/framework/src/Illuminate/Container/BoundMethod.php(35): Illuminate\\Container\\BoundMethod::callBoundMethod()
#19 /home/marconobre/Documentos/projetos/AISolutions/aisolutions-teste-php-laravel/vendor/laravel/framework/src/Illuminate/Container/Container.php(661): Illuminate\\Container\\BoundMethod::call()
#20 /home/marconobre/Documentos/projetos/AISolutions/aisolutions-teste-php-laravel/vendor/laravel/framework/src/Illuminate/Console/Command.php(194): Illuminate\\Container\\Container->call()
#21 /home/marconobre/Documentos/projetos/AISolutions/aisolutions-teste-php-laravel/vendor/symfony/console/Command/Command.php(312): Illuminate\\Console\\Command->execute()
#22 /home/marconobre/Documentos/projetos/AISolutions/aisolutions-teste-php-laravel/vendor/laravel/framework/src/Illuminate/Console/Command.php(163): Symfony\\Component\\Console\\Command\\Command->run()
#23 /home/marconobre/Documentos/projetos/AISolutions/aisolutions-teste-php-laravel/vendor/symfony/console/Application.php(1040): Illuminate\\Console\\Command->run()
#24 /home/marconobre/Documentos/projetos/AISolutions/aisolutions-teste-php-laravel/vendor/symfony/console/Application.php(314): Symfony\\Component\\Console\\Application->doRunCommand()
#25 /home/marconobre/Documentos/projetos/AISolutions/aisolutions-teste-php-laravel/vendor/symfony/console/Application.php(168): Symfony\\Component\\Console\\Application->doRun()
#26 /home/marconobre/Documentos/projetos/AISolutions/aisolutions-teste-php-laravel/vendor/laravel/framework/src/Illuminate/Foundation/Console/Kernel.php(200): Symfony\\Component\\Console\\Application->run()
#27 /home/marconobre/Documentos/projetos/AISolutions/aisolutions-teste-php-laravel/artisan(35): Illuminate\\Foundation\\Console\\Kernel->handle()
#28 {main}

[previous exception] [object] (PDOException(code: 23000): SQLSTATE[23000]: Integrity constraint violation: 19 NOT NULL constraint failed: categories.updated_at at /home/marconobre/Documentos/projetos/AISolutions/aisolutions-teste-php-laravel/vendor/laravel/framework/src/Illuminate/Database/Connection.php:545)
[stacktrace]
#0 /home/marconobre/Documentos/projetos/AISolutions/aisolutions-teste-php-laravel/vendor/laravel/framework/src/Illuminate/Database/Connection.php(545): PDOStatement->execute()
#1 /home/marconobre/Documentos/projetos/AISolutions/aisolutions-teste-php-laravel/vendor/laravel/framework/src/Illuminate/Database/Connection.php(753): Illuminate\\Database\\Connection->Illuminate\\Database\\{closure}()
#2 /home/marconobre/Documentos/projetos/AISolutions/aisolutions-teste-php-laravel/vendor/laravel/framework/src/Illuminate/Database/Connection.php(720): Illuminate\\Database\\Connection->runQueryCallback()
#3 /home/marconobre/Documentos/projetos/AISolutions/aisolutions-teste-php-laravel/vendor/laravel/framework/src/Illuminate/Database/Connection.php(534): Illuminate\\Database\\Connection->run()
#4 /home/marconobre/Documentos/projetos/AISolutions/aisolutions-teste-php-laravel/vendor/laravel/framework/src/Illuminate/Database/Connection.php(498): Illuminate\\Database\\Connection->statement()
#5 /home/marconobre/Documentos/projetos/AISolutions/aisolutions-teste-php-laravel/vendor/laravel/framework/src/Illuminate/Database/Query/Builder.php(3289): Illuminate\\Database\\Connection->insert()
#6 /home/marconobre/Documentos/projetos/AISolutions/aisolutions-teste-php-laravel/database/seeders/CategorySeeder.php(15): Illuminate\\Database\\Query\\Builder->insert()
#7 /home/marconobre/Documentos/projetos/AISolutions/aisolutions-teste-php-laravel/vendor/laravel/framework/src/Illuminate/Container/BoundMethod.php(36): Database\\Seeders\\CategorySeeder->run()
#8 /home/marconobre/Documentos/projetos/AISolutions/aisolutions-teste-php-laravel/vendor/laravel/framework/src/Illuminate/Container/Util.php(41): Illuminate\\Container\\BoundMethod::Illuminate\\Container\\{closure}()
#9 /home/marconobre/Documentos/projetos/AISolutions/aisolutions-teste-php-laravel/vendor/laravel/framework/src/Illuminate/Container/BoundMethod.php(93): Illuminate\\Container\\Util::unwrapIfClosure()
#10 /home/marconobre/Documentos/projetos/AISolutions/aisolutions-teste-php-laravel/vendor/laravel/framework/src/Illuminate/Container/BoundMethod.php(35): Illuminate\\Container\\BoundMethod::callBoundMethod()
#11 /home/marconobre/Documentos/projetos/AISolutions/aisolutions-teste-php-laravel/vendor/laravel/framework/src/Illuminate/Container/Container.php(661): Illuminate\\Container\\BoundMethod::call()
#12 /home/marconobre/Documentos/projetos/AISolutions/aisolutions-teste-php-laravel/vendor/laravel/framework/src/Illuminate/Database/Seeder.php(184): Illuminate\\Container\\Container->call()
#13 /home/marconobre/Documentos/projetos/AISolutions/aisolutions-teste-php-laravel/vendor/laravel/framework/src/Illuminate/Database/Seeder.php(193): Illuminate\\Database\\Seeder->Illuminate\\Database\\{closure}()
#14 /home/marconobre/Documentos/projetos/AISolutions/aisolutions-teste-php-laravel/vendor/laravel/framework/src/Illuminate/Database/Console/Seeds/SeedCommand.php(70): Illuminate\\Database\\Seeder->__invoke()
#15 /home/marconobre/Documentos/projetos/AISolutions/aisolutions-teste-php-laravel/vendor/laravel/framework/src/Illuminate/Database/Eloquent/Concerns/GuardsAttributes.php(155): Illuminate\\Database\\Console\\Seeds\\SeedCommand->Illuminate\\Database\\Console\\Seeds\\{closure}()
#16 /home/marconobre/Documentos/projetos/AISolutions/aisolutions-teste-php-laravel/vendor/laravel/framework/src/Illuminate/Database/Console/Seeds/SeedCommand.php(69): Illuminate\\Database\\Eloquent\\Model::unguarded()
#17 /home/marconobre/Documentos/projetos/AISolutions/aisolutions-teste-php-laravel/vendor/laravel/framework/src/Illuminate/Container/BoundMethod.php(36): Illuminate\\Database\\Console\\Seeds\\SeedCommand->handle()
#18 /home/marconobre/Documentos/projetos/AISolutions/aisolutions-teste-php-laravel/vendor/laravel/framework/src/Illuminate/Container/Util.php(41): Illuminate\\Container\\BoundMethod::Illuminate\\Container\\{closure}()
#19 /home/marconobre/Documentos/projetos/AISolutions/aisolutions-teste-php-laravel/vendor/laravel/framework/src/Illuminate/Container/BoundMethod.php(93): Illuminate\\Container\\Util::unwrapIfClosure()
#20 /home/marconobre/Documentos/projetos/AISolutions/aisolutions-teste-php-laravel/vendor/laravel/framework/src/Illuminate/Container/BoundMethod.php(35): Illuminate\\Container\\BoundMethod::callBoundMethod()
#21 /home/marconobre/Documentos/projetos/AISolutions/aisolutions-teste-php-laravel/vendor/laravel/framework/src/Illuminate/Container/Container.php(661): Illuminate\\Container\\BoundMethod::call()
#22 /home/marconobre/Documentos/projetos/AISolutions/aisolutions-teste-php-laravel/vendor/laravel/framework/src/Illuminate/Console/Command.php(194): Illuminate\\Container\\Container->call()
#23 /home/marconobre/Documentos/projetos/AISolutions/aisolutions-teste-php-laravel/vendor/symfony/console/Command/Command.php(312): Illuminate\\Console\\Command->execute()
#24 /home/marconobre/Documentos/projetos/AISolutions/aisolutions-teste-php-laravel/vendor/laravel/framework/src/Illuminate/Console/Command.php(163): Symfony\\Component\\Console\\Command\\Command->run()
#25 /home/marconobre/Documentos/projetos/AISolutions/aisolutions-teste-php-laravel/vendor/symfony/console/Application.php(1040): Illuminate\\Console\\Command->run()
#26 /home/marconobre/Documentos/projetos/AISolutions/aisolutions-teste-php-laravel/vendor/symfony/console/Application.php(314): Symfony\\Component\\Console\\Application->doRunCommand()
#27 /home/marconobre/Documentos/projetos/AISolutions/aisolutions-teste-php-laravel/vendor/symfony/console/Application.php(168): Symfony\\Component\\Console\\Application->doRun()
#28 /home/marconobre/Documentos/projetos/AISolutions/aisolutions-teste-php-laravel/vendor/laravel/framework/src/Illuminate/Foundation/Console/Kernel.php(200): Symfony\\Component\\Console\\Application->run()
#29 /home/marconobre/Documentos/projetos/AISolutions/aisolutions-teste-php-laravel/artisan(35): Illuminate\\Foundation\\Console\\Kernel->handle()
#30 {main}
"} 
[2024-10-28 18:50:11] local.ERROR: SQLSTATE[23000]: Integrity constraint violation: 19 NOT NULL constraint failed: categories.updated_at (Connection: sqlite, SQL: insert into "categories" ("name") values (Remessa Parcial)) {"exception":"[object] (Illuminate\\Database\\QueryException(code: 23000): SQLSTATE[23000]: Integrity constraint violation: 19 NOT NULL constraint failed: categories.updated_at (Connection: sqlite, SQL: insert into \"categories\" (\"name\") values (Remessa Parcial)) at /home/marconobre/Documentos/projetos/AISolutions/aisolutions-teste-php-laravel/vendor/laravel/framework/src/Illuminate/Database/Connection.php:760)
[stacktrace]
#0 /home/marconobre/Documentos/projetos/AISolutions/aisolutions-teste-php-laravel/vendor/laravel/framework/src/Illuminate/Database/Connection.php(720): Illuminate\\Database\\Connection->runQueryCallback()
#1 /home/marconobre/Documentos/projetos/AISolutions/aisolutions-teste-php-laravel/vendor/laravel/framework/src/Illuminate/Database/Connection.php(534): Illuminate\\Database\\Connection->run()
#2 /home/marconobre/Documentos/projetos/AISolutions/aisolutions-teste-php-laravel/vendor/laravel/framework/src/Illuminate/Database/Connection.php(498): Illuminate\\Database\\Connection->statement()
#3 /home/marconobre/Documentos/projetos/AISolutions/aisolutions-teste-php-laravel/vendor/laravel/framework/src/Illuminate/Database/Query/Builder.php(3289): Illuminate\\Database\\Connection->insert()
#4 /home/marconobre/Documentos/projetos/AISolutions/aisolutions-teste-php-laravel/database/seeders/CategorySeeder.php(15): Illuminate\\Database\\Query\\Builder->insert()
#5 /home/marconobre/Documentos/projetos/AISolutions/aisolutions-teste-php-laravel/vendor/laravel/framework/src/Illuminate/Container/BoundMethod.php(36): Database\\Seeders\\CategorySeeder->run()
#6 /home/marconobre/Documentos/projetos/AISolutions/aisolutions-teste-php-laravel/vendor/laravel/framework/src/Illuminate/Container/Util.php(41): Illuminate\\Container\\BoundMethod::Illuminate\\Container\\{closure}()
#7 /home/marconobre/Documentos/projetos/AISolutions/aisolutions-teste-php-laravel/vendor/laravel/framework/src/Illuminate/Container/BoundMethod.php(93): Illuminate\\Container\\Util::unwrapIfClosure()
#8 /home/marconobre/Documentos/projetos/AISolutions/aisolutions-teste-php-laravel/vendor/laravel/framework/src/Illuminate/Container/BoundMethod.php(35): Illuminate\\Container\\BoundMethod::callBoundMethod()
#9 /home/marconobre/Documentos/projetos/AISolutions/aisolutions-teste-php-laravel/vendor/laravel/framework/src/Illuminate/Container/Container.php(661): Illuminate\\Container\\BoundMethod::call()
#10 /home/marconobre/Documentos/projetos/AISolutions/aisolutions-teste-php-laravel/vendor/laravel/framework/src/Illuminate/Database/Seeder.php(184): Illuminate\\Container\\Container->call()
#11 /home/marconobre/Documentos/projetos/AISolutions/aisolutions-teste-php-laravel/vendor/laravel/framework/src/Illuminate/Database/Seeder.php(193): Illuminate\\Database\\Seeder->Illuminate\\Database\\{closure}()
#12 /home/marconobre/Documentos/projetos/AISolutions/aisolutions-teste-php-laravel/vendor/laravel/framework/src/Illuminate/Database/Console/Seeds/SeedCommand.php(70): Illuminate\\Database\\Seeder->__invoke()
#13 /home/marconobre/Documentos/projetos/AISolutions/aisolutions-teste-php-laravel/vendor/laravel/framework/src/Illuminate/Database/Eloquent/Concerns/GuardsAttributes.php(155): Illuminate\\Database\\Console\\Seeds\\SeedCommand->Illuminate\\Database\\Console\\Seeds\\{closure}()
#14 /home/marconobre/Documentos/projetos/AISolutions/aisolutions-teste-php-laravel/vendor/laravel/framework/src/Illuminate/Database/Console/Seeds/SeedCommand.php(69): Illuminate\\Database\\Eloquent\\Model::unguarded()
#15 /home/marconobre/Documentos/projetos/AISolutions/aisolutions-teste-php-laravel/vendor/laravel/framework/src/Illuminate/Container/BoundMethod.php(36): Illuminate\\Database\\Console\\Seeds\\SeedCommand->handle()
#16 /home/marconobre/Documentos/projetos/AISolutions/aisolutions-teste-php-laravel/vendor/laravel/framework/src/Illuminate/Container/Util.php(41): Illuminate\\Container\\BoundMethod::Illuminate\\Container\\{closure}()
#17 /home/marconobre/Documentos/projetos/AISolutions/aisolutions-teste-php-laravel/vendor/laravel/framework/src/Illuminate/Container/BoundMethod.php(93): Illuminate\\Container\\Util::unwrapIfClosure()
#18 /home/marconobre/Documentos/projetos/AISolutions/aisolutions-teste-php-laravel/vendor/laravel/framework/src/Illuminate/Container/BoundMethod.php(35): Illuminate\\Container\\BoundMethod::callBoundMethod()
#19 /home/marconobre/Documentos/projetos/AISolutions/aisolutions-teste-php-laravel/vendor/laravel/framework/src/Illuminate/Container/Container.php(661): Illuminate\\Container\\BoundMethod::call()
#20 /home/marconobre/Documentos/projetos/AISolutions/aisolutions-teste-php-laravel/vendor/laravel/framework/src/Illuminate/Console/Command.php(194): Illuminate\\Container\\Container->call()
#21 /home/marconobre/Documentos/projetos/AISolutions/aisolutions-teste-php-laravel/vendor/symfony/console/Command/Command.php(312): Illuminate\\Console\\Command->execute()
#22 /home/marconobre/Documentos/projetos/AISolutions/aisolutions-teste-php-laravel/vendor/laravel/framework/src/Illuminate/Console/Command.php(163): Symfony\\Component\\Console\\Command\\Command->run()
#23 /home/marconobre/Documentos/projetos/AISolutions/aisolutions-teste-php-laravel/vendor/symfony/console/Application.php(1040): Illuminate\\Console\\Command->run()
#24 /home/marconobre/Documentos/projetos/AISolutions/aisolutions-teste-php-laravel/vendor/symfony/console/Application.php(314): Symfony\\Component\\Console\\Application->doRunCommand()
#25 /home/marconobre/Documentos/projetos/AISolutions/aisolutions-teste-php-laravel/vendor/symfony/console/Application.php(168): Symfony\\Component\\Console\\Application->doRun()
#26 /home/marconobre/Documentos/projetos/AISolutions/aisolutions-teste-php-laravel/vendor/laravel/framework/src/Illuminate/Foundation/Console/Kernel.php(200): Symfony\\Component\\Console\\Application->run()
#27 /home/marconobre/Documentos/projetos/AISolutions/aisolutions-teste-php-laravel/artisan(35): Illuminate\\Foundation\\Console\\Kernel->handle()
#28 {main}

[previous exception] [object] (PDOException(code: 23000): SQLSTATE[23000]: Integrity constraint violation: 19 NOT NULL constraint failed: categories.updated_at at /home/marconobre/Documentos/projetos/AISolutions/aisolutions-teste-php-laravel/vendor/laravel/framework/src/Illuminate/Database/Connection.php:545)
[stacktrace]
#0 /home/marconobre/Documentos/projetos/AISolutions/aisolutions-teste-php-laravel/vendor/laravel/framework/src/Illuminate/Database/Connection.php(545): PDOStatement->execute()
#1 /home/marconobre/Documentos/projetos/AISolutions/aisolutions-teste-php-laravel/vendor/laravel/framework/src/Illuminate/Database/Connection.php(753): Illuminate\\Database\\Connection->Illuminate\\Database\\{closure}()
#2 /home/marconobre/Documentos/projetos/AISolutions/aisolutions-teste-php-laravel/vendor/laravel/framework/src/Illuminate/Database/Connection.php(720): Illuminate\\Database\\Connection->runQueryCallback()
#3 /home/marconobre/Documentos/projetos/AISolutions/aisolutions-teste-php-laravel/vendor/laravel/framework/src/Illuminate/Database/Connection.php(534): Illuminate\\Database\\Connection->run()
#4 /home/marconobre/Documentos/projetos/AISolutions/aisolutions-teste-php-laravel/vendor/laravel/framework/src/Illuminate/Database/Connection.php(498): Illuminate\\Database\\Connection->statement()
#5 /home/marconobre/Documentos/projetos/AISolutions/aisolutions-teste-php-laravel/vendor/laravel/framework/src/Illuminate/Database/Query/Builder.php(3289): Illuminate\\Database\\Connection->insert()
#6 /home/marconobre/Documentos/projetos/AISolutions/aisolutions-teste-php-laravel/database/seeders/CategorySeeder.php(15): Illuminate\\Database\\Query\\Builder->insert()
#7 /home/marconobre/Documentos/projetos/AISolutions/aisolutions-teste-php-laravel/vendor/laravel/framework/src/Illuminate/Container/BoundMethod.php(36): Database\\Seeders\\CategorySeeder->run()
#8 /home/marconobre/Documentos/projetos/AISolutions/aisolutions-teste-php-laravel/vendor/laravel/framework/src/Illuminate/Container/Util.php(41): Illuminate\\Container\\BoundMethod::Illuminate\\Container\\{closure}()
#9 /home/marconobre/Documentos/projetos/AISolutions/aisolutions-teste-php-laravel/vendor/laravel/framework/src/Illuminate/Container/BoundMethod.php(93): Illuminate\\Container\\Util::unwrapIfClosure()
#10 /home/marconobre/Documentos/projetos/AISolutions/aisolutions-teste-php-laravel/vendor/laravel/framework/src/Illuminate/Container/BoundMethod.php(35): Illuminate\\Container\\BoundMethod::callBoundMethod()
#11 /home/marconobre/Documentos/projetos/AISolutions/aisolutions-teste-php-laravel/vendor/laravel/framework/src/Illuminate/Container/Container.php(661): Illuminate\\Container\\BoundMethod::call()
#12 /home/marconobre/Documentos/projetos/AISolutions/aisolutions-teste-php-laravel/vendor/laravel/framework/src/Illuminate/Database/Seeder.php(184): Illuminate\\Container\\Container->call()
#13 /home/marconobre/Documentos/projetos/AISolutions/aisolutions-teste-php-laravel/vendor/laravel/framework/src/Illuminate/Database/Seeder.php(193): Illuminate\\Database\\Seeder->Illuminate\\Database\\{closure}()
#14 /home/marconobre/Documentos/projetos/AISolutions/aisolutions-teste-php-laravel/vendor/laravel/framework/src/Illuminate/Database/Console/Seeds/SeedCommand.php(70): Illuminate\\Database\\Seeder->__invoke()
#15 /home/marconobre/Documentos/projetos/AISolutions/aisolutions-teste-php-laravel/vendor/laravel/framework/src/Illuminate/Database/Eloquent/Concerns/GuardsAttributes.php(155): Illuminate\\Database\\Console\\Seeds\\SeedCommand->Illuminate\\Database\\Console\\Seeds\\{closure}()
#16 /home/marconobre/Documentos/projetos/AISolutions/aisolutions-teste-php-laravel/vendor/laravel/framework/src/Illuminate/Database/Console/Seeds/SeedCommand.php(69): Illuminate\\Database\\Eloquent\\Model::unguarded()
#17 /home/marconobre/Documentos/projetos/AISolutions/aisolutions-teste-php-laravel/vendor/laravel/framework/src/Illuminate/Container/BoundMethod.php(36): Illuminate\\Database\\Console\\Seeds\\SeedCommand->handle()
#18 /home/marconobre/Documentos/projetos/AISolutions/aisolutions-teste-php-laravel/vendor/laravel/framework/src/Illuminate/Container/Util.php(41): Illuminate\\Container\\BoundMethod::Illuminate\\Container\\{closure}()
#19 /home/marconobre/Documentos/projetos/AISolutions/aisolutions-teste-php-laravel/vendor/laravel/framework/src/Illuminate/Container/BoundMethod.php(93): Illuminate\\Container\\Util::unwrapIfClosure()
#20 /home/marconobre/Documentos/projetos/AISolutions/aisolutions-teste-php-laravel/vendor/laravel/framework/src/Illuminate/Container/BoundMethod.php(35): Illuminate\\Container\\BoundMethod::callBoundMethod()
#21 /home/marconobre/Documentos/projetos/AISolutions/aisolutions-teste-php-laravel/vendor/laravel/framework/src/Illuminate/Container/Container.php(661): Illuminate\\Container\\BoundMethod::call()
#22 /home/marconobre/Documentos/projetos/AISolutions/aisolutions-teste-php-laravel/vendor/laravel/framework/src/Illuminate/Console/Command.php(194): Illuminate\\Container\\Container->call()
#23 /home/marconobre/Documentos/projetos/AISolutions/aisolutions-teste-php-laravel/vendor/symfony/console/Command/Command.php(312): Illuminate\\Console\\Command->execute()
#24 /home/marconobre/Documentos/projetos/AISolutions/aisolutions-teste-php-laravel/vendor/laravel/framework/src/Illuminate/Console/Command.php(163): Symfony\\Component\\Console\\Command\\Command->run()
#25 /home/marconobre/Documentos/projetos/AISolutions/aisolutions-teste-php-laravel/vendor/symfony/console/Application.php(1040): Illuminate\\Console\\Command->run()
#26 /home/marconobre/Documentos/projetos/AISolutions/aisolutions-teste-php-laravel/vendor/symfony/console/Application.php(314): Symfony\\Component\\Console\\Application->doRunCommand()
#27 /home/marconobre/Documentos/projetos/AISolutions/aisolutions-teste-php-laravel/vendor/symfony/console/Application.php(168): Symfony\\Component\\Console\\Application->doRun()
#28 /home/marconobre/Documentos/projetos/AISolutions/aisolutions-teste-php-laravel/vendor/laravel/framework/src/Illuminate/Foundation/Console/Kernel.php(200): Symfony\\Component\\Console\\Application->run()
#29 /home/marconobre/Documentos/projetos/AISolutions/aisolutions-teste-php-laravel/artisan(35): Illuminate\\Foundation\\Console\\Kernel->handle()
#30 {main}
"} 
